Watching for file changes with StatReloader
System check identified some issues:

WARNINGS:
accountapp.HelloWorld: (models.W042) Auto-created primary key used when not defining a primary key type, by default 'django.db.models.AutoField'.
	HINT: Configure the DEFAULT_AUTO_FIELD setting or the AccountappConfig.default_auto_field attribute to point to a subclass of AutoField, e.g. 'django.db.models.BigAutoField'.

System check identified 1 issue (0 silenced).
Not Found: /
[05/Nov/2022 11:50:45] "GET / HTTP/1.1" 404 2170
Not Found: /favicon.ico
[05/Nov/2022 11:50:45] "GET /favicon.ico HTTP/1.1" 404 2221
Not Found: /
[05/Nov/2022 11:52:58] "GET / HTTP/1.1" 404 2170
Not Found: /favicon.ico
[05/Nov/2022 11:52:58] "GET /favicon.ico HTTP/1.1" 404 2221
Not Found: /login
[05/Nov/2022 11:53:06] "GET /login HTTP/1.1" 404 2203
[05/Nov/2022 11:53:18] "GET /account/login HTTP/1.1" 301 0
[05/Nov/2022 11:53:19] "GET /account/login/ HTTP/1.1" 200 4583
[05/Nov/2022 11:53:19] "GET /static/base.css HTTP/1.1" 200 276
[05/Nov/2022 11:53:19] "GET /static/fonts/NanumSquareR.otf HTTP/1.1" 200 492584
Not Found: /
[05/Nov/2022 13:01:59] "GET / HTTP/1.1" 404 2170
Not Found: /favicon.ico
[05/Nov/2022 13:01:59] "GET /favicon.ico HTTP/1.1" 404 2221
Watching for file changes with StatReloader
System check identified some issues:

WARNINGS:
accountapp.HelloWorld: (models.W042) Auto-created primary key used when not defining a primary key type, by default 'django.db.models.AutoField'.
	HINT: Configure the DEFAULT_AUTO_FIELD setting or the AccountappConfig.default_auto_field attribute to point to a subclass of AutoField, e.g. 'django.db.models.BigAutoField'.

System check identified 1 issue (0 silenced).
Not Found: /
[05/Nov/2022 23:35:19] "GET / HTTP/1.1" 404 2170
Not Found: /favicon.ico
[05/Nov/2022 23:35:19] "GET /favicon.ico HTTP/1.1" 404 2221
[05/Nov/2022 23:35:46] "GET /admin HTTP/1.1" 301 0
[05/Nov/2022 23:35:46] "GET /admin/ HTTP/1.1" 302 0
[05/Nov/2022 23:35:46] "GET /admin/login/?next=/admin/ HTTP/1.1" 200 2214
[05/Nov/2022 23:35:46] "GET /static/admin/css/base.css HTTP/1.1" 200 19513
[05/Nov/2022 23:35:46] "GET /static/admin/css/login.css HTTP/1.1" 200 939
[05/Nov/2022 23:35:46] "GET /static/admin/css/nav_sidebar.css HTTP/1.1" 200 2271
[05/Nov/2022 23:35:46] "GET /static/admin/js/nav_sidebar.js HTTP/1.1" 200 1360
[05/Nov/2022 23:35:46] "GET /static/admin/css/responsive.css HTTP/1.1" 200 18545
[05/Nov/2022 23:35:46] "GET /static/admin/css/fonts.css HTTP/1.1" 200 423
[05/Nov/2022 23:35:46] "GET /static/admin/fonts/Roboto-Light-webfont.woff HTTP/1.1" 200 85692
[05/Nov/2022 23:35:46] "GET /static/admin/fonts/Roboto-Regular-webfont.woff HTTP/1.1" 200 85876
Not Found: /favicon.ico
[05/Nov/2022 23:35:46] "GET /favicon.ico HTTP/1.1" 404 2221
Not Found: /
[06/Nov/2022 01:28:40] "GET / HTTP/1.1" 404 2170
Not Found: /favicon.ico
[06/Nov/2022 01:28:40] "GET /favicon.ico HTTP/1.1" 404 2221
Not Found: /
[06/Nov/2022 01:28:43] "GET / HTTP/1.1" 404 2170
Not Found: /favicon.ico
[06/Nov/2022 01:28:43] "GET /favicon.ico HTTP/1.1" 404 2221
Not Found: /account
[06/Nov/2022 01:29:36] "GET /account HTTP/1.1" 404 2209
Not Found: /favicon.ico
[06/Nov/2022 01:29:36] "GET /favicon.ico HTTP/1.1" 404 2221
[06/Nov/2022 01:29:43] "GET /account/hello_world HTTP/1.1" 301 0
[06/Nov/2022 01:29:44] "GET /account/hello_world/ HTTP/1.1" 200 6922
[06/Nov/2022 01:29:44] "GET /static/base.css HTTP/1.1" 200 276
[06/Nov/2022 01:29:44] "GET /static/fonts/NanumSquareR.otf HTTP/1.1" 200 492584
[06/Nov/2022 01:29:47] "GET /account/login/?next=/account/hello_world/ HTTP/1.1" 200 4678
[06/Nov/2022 01:29:51] "GET /account/create/ HTTP/1.1" 200 6494
[06/Nov/2022 01:29:52] "GET /account/login/?next=/account/create/ HTTP/1.1" 200 4678
[06/Nov/2022 01:29:54] "GET /account/create/ HTTP/1.1" 200 6494
Watching for file changes with StatReloader
System check identified some issues:

WARNINGS:
accountapp.HelloWorld: (models.W042) Auto-created primary key used when not defining a primary key type, by default 'django.db.models.AutoField'.
	HINT: Configure the DEFAULT_AUTO_FIELD setting or the AccountappConfig.default_auto_field attribute to point to a subclass of AutoField, e.g. 'django.db.models.BigAutoField'.

System check identified 1 issue (0 silenced).
[06/Nov/2022 14:39:38] "GET /admin/auth/user/ HTTP/1.1" 200 7844
[06/Nov/2022 14:39:38] "GET /admin/jsi18n/ HTTP/1.1" 200 3195
Not Found: /
[07/Nov/2022 10:14:07] "GET / HTTP/1.1" 404 2280
Not Found: /favicon.ico
[07/Nov/2022 10:14:08] "GET /favicon.ico HTTP/1.1" 404 2331
Watching for file changes with StatReloader
System check identified some issues:

WARNINGS:
accountapp.HelloWorld: (models.W042) Auto-created primary key used when not defining a primary key type, by default 'django.db.models.AutoField'.
	HINT: Configure the DEFAULT_AUTO_FIELD setting or the AccountappConfig.default_auto_field attribute to point to a subclass of AutoField, e.g. 'django.db.models.BigAutoField'.

System check identified 1 issue (0 silenced).
[09/Nov/2022 14:38:14] "GET /accounts/login/ HTTP/1.1" 200 4667
Not Found: /
[10/Nov/2022 10:21:23] "GET /?fbclid=PAAaYna70tkyZV_YSLsz0WNQV7SeZeoSgV98A0ZUcW_EQPEMXG9y1Megq9_2I HTTP/1.1" 404 2474
Not Found: /
[10/Nov/2022 10:21:27] "GET /?fbclid=PAAaYna70tkyZV_YSLsz0WNQV7SeZeoSgV98A0ZUcW_EQPEMXG9y1Megq9_2I HTTP/1.1" 404 2474
Watching for file changes with StatReloader
System check identified some issues:

WARNINGS:
accountapp.HelloWorld: (models.W042) Auto-created primary key used when not defining a primary key type, by default 'django.db.models.AutoField'.
	HINT: Configure the DEFAULT_AUTO_FIELD setting or the AccountappConfig.default_auto_field attribute to point to a subclass of AutoField, e.g. 'django.db.models.BigAutoField'.

System check identified 1 issue (0 silenced).
Not Found: /articles
[12/Nov/2022 04:46:29] "GET /articles HTTP/1.1" 404 2557
Not Found: /favicon.ico
[12/Nov/2022 04:46:29] "GET /favicon.ico HTTP/1.1" 404 2566
[12/Nov/2022 04:46:46] "GET /articles/list HTTP/1.1" 301 0
[12/Nov/2022 04:46:46] "GET /articles/list/ HTTP/1.1" 200 4432
[12/Nov/2022 04:46:46] "GET /static/js/magicgrid.js HTTP/1.1" 200 6304
[12/Nov/2022 04:46:46] "GET /static/base.css HTTP/1.1" 304 0
[12/Nov/2022 04:46:46] "GET /static/fonts/NanumSquareR.otf HTTP/1.1" 200 492584
[12/Nov/2022 04:46:51] "GET /articles/list/ HTTP/1.1" 200 4432
[12/Nov/2022 04:46:58] "GET /accounts/login/?next=/articles/list/ HTTP/1.1" 200 4697
[12/Nov/2022 04:47:07] "POST /accounts/login/ HTTP/1.1" 302 0
[12/Nov/2022 04:47:08] "GET /accounts/hello_world/ HTTP/1.1" 200 6895
[12/Nov/2022 04:47:12] "GET /accounts/detail/5 HTTP/1.1" 200 4659
[12/Nov/2022 04:47:14] "GET /media/profile/moon_81ApGTT.jpeg HTTP/1.1" 200 4915
[12/Nov/2022 04:47:21] "GET /profiles/update/1 HTTP/1.1" 200 5270
[12/Nov/2022 04:47:30] "POST /profiles/update/1 HTTP/1.1" 302 0
[12/Nov/2022 04:47:30] "GET /accounts/detail/5 HTTP/1.1" 200 4655
[12/Nov/2022 04:47:34] "GET /profiles/update/1 HTTP/1.1" 200 5262
[12/Nov/2022 04:48:12] "GET /articles/list/ HTTP/1.1" 200 4402
Watching for file changes with StatReloader
System check identified some issues:

WARNINGS:
accountapp.HelloWorld: (models.W042) Auto-created primary key used when not defining a primary key type, by default 'django.db.models.AutoField'.
	HINT: Configure the DEFAULT_AUTO_FIELD setting or the AccountappConfig.default_auto_field attribute to point to a subclass of AutoField, e.g. 'django.db.models.BigAutoField'.

System check identified 1 issue (0 silenced).
[12/Nov/2022 14:51:06] "GET /articles/detail/3 HTTP/1.1" 200 3602
[12/Nov/2022 14:51:07] "GET /static/base.css HTTP/1.1" 200 276
[12/Nov/2022 14:51:08] "GET /media/article/383F9230-3047-4F91-A52A-375CE1A5E3A5.jpeg HTTP/1.1" 200 1915795
[12/Nov/2022 14:51:08] "GET /static/fonts/NanumSquareR.otf HTTP/1.1" 200 492584
Not Found: /favicon.ico
[12/Nov/2022 14:51:09] "GET /favicon.ico HTTP/1.1" 404 2566
Not Found: /
[13/Nov/2022 00:07:11] "GET /?fbclid=PAAaakyXprvb4jU7O8XHXMK3ev2hmm8Xc1FJACPT5pVoPqvD4A9_y6soKqiyg HTTP/1.1" 404 2584
Not Found: /favicon.ico
[13/Nov/2022 00:07:11] "GET /favicon.ico HTTP/1.1" 404 2566
[13/Nov/2022 00:09:04] "GET /articles/detail/2 HTTP/1.1" 200 3537
[13/Nov/2022 00:09:04] "GET /static/base.css HTTP/1.1" 200 276
[13/Nov/2022 00:09:05] "GET /static/fonts/NanumSquareR.otf HTTP/1.1" 200 492584
[13/Nov/2022 00:09:05] "GET /media/article/%EB%8B%A4%EC%9A%B4%EB%A1%9C%EB%93%9C_ZlPNzTi.jpeg HTTP/1.1" 200 5397
Not Found: /favicon.ico
[13/Nov/2022 00:09:05] "GET /favicon.ico HTTP/1.1" 404 2566
Watching for file changes with StatReloader
System check identified some issues:

WARNINGS:
accountapp.HelloWorld: (models.W042) Auto-created primary key used when not defining a primary key type, by default 'django.db.models.AutoField'.
	HINT: Configure the DEFAULT_AUTO_FIELD setting or the AccountappConfig.default_auto_field attribute to point to a subclass of AutoField, e.g. 'django.db.models.BigAutoField'.

System check identified 1 issue (0 silenced).
Not Found: /
[14/Nov/2022 14:34:34] "GET / HTTP/1.1" 404 2515
[14/Nov/2022 14:34:39] "GET /articles/detail/3 HTTP/1.1" 200 3871
/usr/local/lib/python3.7/site-packages/django/views/generic/list.py:88: UnorderedObjectListWarning: Pagination may yield inconsistent results with an unordered object_list: <class 'articleapp.models.Article'> QuerySet.
  allow_empty_first_page=allow_empty_first_page, **kwargs)
[14/Nov/2022 14:34:40] "GET /articles/list/ HTTP/1.1" 200 7116
[14/Nov/2022 14:34:41] "GET /media/article/tt45.jpeg HTTP/1.1" 304 0
[14/Nov/2022 14:34:41] "GET /media/article/test4.jpg HTTP/1.1" 304 0
[14/Nov/2022 14:34:41] "GET /media/article/test3.jpeg HTTP/1.1" 304 0
[14/Nov/2022 14:34:41] "GET /media/article/catacatat.jpg HTTP/1.1" 304 0
[14/Nov/2022 14:34:42] "GET /articles/detail/4 HTTP/1.1" 200 4018
[14/Nov/2022 14:34:46] "GET /accounts/detail/5 HTTP/1.1" 200 4722
[14/Nov/2022 14:34:48] "GET /profiles/update/1 HTTP/1.1" 200 5329
[14/Nov/2022 14:34:53] "POST /profiles/update/1 HTTP/1.1" 302 0
[14/Nov/2022 14:34:54] "GET /accounts/detail/5 HTTP/1.1" 200 4723
[14/Nov/2022 14:34:55] "GET /articles/list/ HTTP/1.1" 200 7116
[14/Nov/2022 14:34:57] "GET /articles/detail/4 HTTP/1.1" 200 4019
[14/Nov/2022 14:34:58] "GET /articles/list/ HTTP/1.1" 200 7116
[14/Nov/2022 14:34:58] "GET /articles/list/ HTTP/1.1" 200 7116
[14/Nov/2022 14:35:05] "GET /articles/detail/3 HTTP/1.1" 200 3871
[14/Nov/2022 14:35:12] "GET /articles/list/ HTTP/1.1" 200 7116
[14/Nov/2022 14:46:18] "GET /articles/list/ HTTP/1.1" 200 7137
[14/Nov/2022 14:46:19] "GET /media/article/383F9230-3047-4F91-A52A-375CE1A5E3A5.jpeg HTTP/1.1" 200 1915795
[14/Nov/2022 14:46:19] "GET /static/base.css HTTP/1.1" 200 633
[14/Nov/2022 14:46:20] "GET /static/js/magicgrid.js HTTP/1.1" 200 6757
[14/Nov/2022 14:46:20] "GET /media/article/%EB%8B%A4%EC%9A%B4%EB%A1%9C%EB%93%9C.jpeg HTTP/1.1" 200 5397
[14/Nov/2022 14:46:20] "GET /media/article/catacatat.jpg HTTP/1.1" 200 803476
[14/Nov/2022 14:46:20] "GET /media/article/test3.jpeg HTTP/1.1" 200 28817
[14/Nov/2022 14:46:20] "GET /static/fonts/NanumSquareR.otf HTTP/1.1" 304 0
[14/Nov/2022 14:46:20] "GET /media/article/test4.jpg HTTP/1.1" 200 1248036
[14/Nov/2022 14:46:20] "GET /media/article/tt45.jpeg HTTP/1.1" 200 83371
[14/Nov/2022 14:46:25] "GET /articles/detail/4 HTTP/1.1" 200 3813
[14/Nov/2022 14:46:28] "GET /articles/detail/5 HTTP/1.1" 200 3816
[14/Nov/2022 14:46:30] "GET /articles/detail/6 HTTP/1.1" 200 3806
[14/Nov/2022 14:46:33] "GET /articles/detail/7 HTTP/1.1" 200 3806
[14/Nov/2022 16:08:53] "GET /articles/list/ HTTP/1.1" 200 7137
[14/Nov/2022 16:08:53] "GET /static/base.css HTTP/1.1" 304 0
[14/Nov/2022 16:08:53] "GET /media/article/tt45.jpeg HTTP/1.1" 304 0
[14/Nov/2022 16:08:53] "GET /media/article/test4.jpg HTTP/1.1" 304 0
[14/Nov/2022 16:08:53] "GET /media/article/test3.jpeg HTTP/1.1" 304 0
[14/Nov/2022 16:08:53] "GET /media/article/catacatat.jpg HTTP/1.1" 304 0
[14/Nov/2022 16:09:17] "GET /articles/list/ HTTP/1.1" 200 7137
[14/Nov/2022 22:48:40] "GET /media/article/%EB%8B%A4%EC%9A%B4%EB%A1%9C%EB%93%9C.jpeg HTTP/1.1" 200 5397
[14/Nov/2022 22:59:49] "GET /articles/list/ HTTP/1.1" 200 7137
[14/Nov/2022 22:59:50] "GET /static/base.css HTTP/1.1" 200 633
[14/Nov/2022 22:59:50] "GET /media/article/catacatat.jpg HTTP/1.1" 200 803476
[14/Nov/2022 22:59:50] "GET /static/js/magicgrid.js HTTP/1.1" 200 6757
[14/Nov/2022 22:59:50] "GET /media/article/test3.jpeg HTTP/1.1" 200 28817
[14/Nov/2022 22:59:50] "GET /media/article/383F9230-3047-4F91-A52A-375CE1A5E3A5.jpeg HTTP/1.1" 200 1915795
[14/Nov/2022 22:59:50] "GET /media/article/test4.jpg HTTP/1.1" 200 1248036
[14/Nov/2022 22:59:50] "GET /media/article/%EB%8B%A4%EC%9A%B4%EB%A1%9C%EB%93%9C.jpeg HTTP/1.1" 200 5397
[14/Nov/2022 22:59:50] "GET /media/article/tt45.jpeg HTTP/1.1" 200 83371
[14/Nov/2022 22:59:50] "GET /static/fonts/NanumSquareR.otf HTTP/1.1" 200 492584
Not Found: /favicon.ico
[14/Nov/2022 22:59:50] "GET /favicon.ico HTTP/1.1" 404 2566
[14/Nov/2022 22:59:56] "GET /articles/detail/1 HTTP/1.1" 200 3849
[14/Nov/2022 22:59:58] "GET /articles/detail/5 HTTP/1.1" 200 3816
[14/Nov/2022 23:00:00] "GET /articles/detail/3 HTTP/1.1" 200 3892
[14/Nov/2022 23:00:12] "GET /articles/detail/7 HTTP/1.1" 200 3806
Not Found: /
[15/Nov/2022 04:47:12] "GET / HTTP/1.1" 404 2515
Not Found: /favicon.ico
[15/Nov/2022 04:47:14] "GET /favicon.ico HTTP/1.1" 404 2566
[15/Nov/2022 04:47:23] "GET /articles/list/ HTTP/1.1" 200 7116
[15/Nov/2022 04:47:23] "GET /static/base.css HTTP/1.1" 200 633
[15/Nov/2022 04:47:23] "GET /static/js/magicgrid.js HTTP/1.1" 200 6757
[15/Nov/2022 04:47:23] "GET /media/article/catacatat.jpg HTTP/1.1" 200 803476
[15/Nov/2022 04:47:23] "GET /media/article/test3.jpeg HTTP/1.1" 200 28817
[15/Nov/2022 04:47:23] "GET /media/article/%EB%8B%A4%EC%9A%B4%EB%A1%9C%EB%93%9C.jpeg HTTP/1.1" 200 5397
[15/Nov/2022 04:47:23] "GET /media/article/383F9230-3047-4F91-A52A-375CE1A5E3A5.jpeg HTTP/1.1" 200 1915795
[15/Nov/2022 04:47:23] "GET /media/article/test4.jpg HTTP/1.1" 200 1248036
[15/Nov/2022 04:47:23] "GET /static/fonts/NanumSquareR.otf HTTP/1.1" 200 492584
[15/Nov/2022 04:47:23] "GET /media/article/tt45.jpeg HTTP/1.1" 200 83371
[15/Nov/2022 04:47:26] "GET /articles/create/ HTTP/1.1" 200 4952
[15/Nov/2022 04:47:30] "GET /articles/detail/1 HTTP/1.1" 200 4055
[15/Nov/2022 04:47:32] "GET /articles/list/ HTTP/1.1" 200 7116
[15/Nov/2022 04:47:33] "GET /articles/create/ HTTP/1.1" 200 4952
[15/Nov/2022 04:47:41] "GET /articles/list/ HTTP/1.1" 200 7116
[15/Nov/2022 04:47:43] "GET /articles/create/ HTTP/1.1" 200 4952
[15/Nov/2022 04:48:13] "POST /articles/create/ HTTP/1.1" 302 0
[15/Nov/2022 04:48:14] "GET /articles/detail/8 HTTP/1.1" 200 4024
[15/Nov/2022 04:48:15] "GET /media/article/20221115_123016.jpg HTTP/1.1" 200 2062199
[15/Nov/2022 04:48:17] "GET /articles/list/ HTTP/1.1" 200 7401
[15/Nov/2022 04:48:19] "GET /media/article/20221115_123016.jpg HTTP/1.1" 304 0
[15/Nov/2022 04:48:33] "GET /accounts/detail/5 HTTP/1.1" 200 4723
[15/Nov/2022 04:48:33] "GET /media/profile/moon_81ApGTT.jpeg HTTP/1.1" 304 0
[15/Nov/2022 04:48:37] "GET /articles/list/ HTTP/1.1" 200 7401
[15/Nov/2022 04:48:37] "GET /media/article/20221115_123016.jpg HTTP/1.1" 304 0
[15/Nov/2022 04:49:49] "GET /articles/detail/8 HTTP/1.1" 200 4024
[15/Nov/2022 04:49:49] "GET /media/article/20221115_123016.jpg HTTP/1.1" 304 0
[15/Nov/2022 04:49:52] "GET /articles/delete/8 HTTP/1.1" 200 3819
[15/Nov/2022 04:49:53] "POST /articles/delete/8 HTTP/1.1" 302 0
[15/Nov/2022 04:49:53] "GET /articles/list/ HTTP/1.1" 200 7116
[15/Nov/2022 04:49:59] "GET /accounts/detail/5 HTTP/1.1" 200 4723
[15/Nov/2022 04:50:00] "GET /accounts/logout/?next=/accounts/detail/5 HTTP/1.1" 302 0
[15/Nov/2022 04:50:01] "GET /accounts/detail/5 HTTP/1.1" 200 4243
[15/Nov/2022 04:50:04] "GET /articles/list/ HTTP/1.1" 200 7137
Not Found: /
[15/Nov/2022 16:07:19] "GET /?fbclid=PAAaYPsRmJ7-ZSBciy0c6bikNLb1ydgWNdxXcHwNt0djGbGevWhrulN0DgpAk HTTP/1.1" 404 2584
[16/Nov/2022 03:03:03] "GET /articles/list HTTP/1.1" 301 0
[16/Nov/2022 03:03:03] "GET /articles/list?fbclid=IwAR1fmM_zVh6CjovxIHWGzyutgLYqYzX8Ft9HBS1sqYz3O9v8dLvh3u6mWsU HTTP/1.1" 301 0
[16/Nov/2022 03:03:04] "GET /articles/list/?fbclid=IwAR1fmM_zVh6CjovxIHWGzyutgLYqYzX8Ft9HBS1sqYz3O9v8dLvh3u6mWsU HTTP/1.1" 200 7137
[16/Nov/2022 03:03:04] "GET /articles/list?fbclid=PAAaYXQzahrtH7h71LTJFBOa12443paA-3iHLX1v1QyM1c6ZolH93di6sOOUI HTTP/1.1" 301 0
[16/Nov/2022 03:03:04] "GET /articles/list/ HTTP/1.1" 200 7137
[16/Nov/2022 03:03:06] "GET /static/js/magicgrid.js HTTP/1.1" 200 6757
[16/Nov/2022 03:03:06] "GET /static/base.css HTTP/1.1" 200 633
[16/Nov/2022 03:03:06] "GET /media/article/%EB%8B%A4%EC%9A%B4%EB%A1%9C%EB%93%9C.jpeg HTTP/1.1" 200 5397
[16/Nov/2022 03:03:06] "GET /articles/list/?fbclid=PAAaYXQzahrtH7h71LTJFBOa12443paA-3iHLX1v1QyM1c6ZolH93di6sOOUI HTTP/1.1" 200 7137
[16/Nov/2022 03:03:07] "GET /static/fonts/NanumSquareR.otf HTTP/1.1" 200 492584
[16/Nov/2022 03:03:07] "GET /static/fonts/NanumSquareR.otf HTTP/1.1" 304 0
[16/Nov/2022 03:03:07] "GET /media/article/catacatat.jpg HTTP/1.1" 200 803476
[16/Nov/2022 03:03:07] "GET /media/article/tt45.jpeg HTTP/1.1" 304 0
[16/Nov/2022 03:03:07] "GET /static/base.css HTTP/1.1" 304 0
[16/Nov/2022 03:03:07] "GET /media/article/383F9230-3047-4F91-A52A-375CE1A5E3A5.jpeg HTTP/1.1" 304 0
[16/Nov/2022 03:03:07] "GET /media/article/%EB%8B%A4%EC%9A%B4%EB%A1%9C%EB%93%9C.jpeg HTTP/1.1" 304 0
[16/Nov/2022 03:03:07] "GET /static/js/magicgrid.js HTTP/1.1" 304 0
[16/Nov/2022 03:03:08] "GET /media/article/catacatat.jpg HTTP/1.1" 304 0
[16/Nov/2022 03:03:08] "GET /media/article/test3.jpeg HTTP/1.1" 304 0
[16/Nov/2022 03:03:08] "GET /media/article/383F9230-3047-4F91-A52A-375CE1A5E3A5.jpeg HTTP/1.1" 200 1915795
[16/Nov/2022 03:03:08] "GET /media/article/test4.jpg HTTP/1.1" 304 0
[16/Nov/2022 03:03:08] "GET /media/article/test3.jpeg HTTP/1.1" 200 28817
[16/Nov/2022 03:03:09] "GET /media/article/test4.jpg HTTP/1.1" 200 1248036
[16/Nov/2022 03:03:09] "GET /media/article/tt45.jpeg HTTP/1.1" 200 83371
Not Found: /favicon.ico
[16/Nov/2022 03:03:09] "GET /favicon.ico HTTP/1.1" 404 2566
[16/Nov/2022 03:03:12] "GET /articles/detail/1 HTTP/1.1" 200 3849
[16/Nov/2022 03:03:14] "GET /articles/detail/6 HTTP/1.1" 200 3806
[16/Nov/2022 03:03:19] "GET /articles/detail/4 HTTP/1.1" 200 3813
[16/Nov/2022 03:03:23] "GET /articles/create/ HTTP/1.1" 302 0
[16/Nov/2022 03:03:23] "GET /accounts/login/?next=/articles/create/ HTTP/1.1" 200 4755
[16/Nov/2022 03:03:25] "GET /articles/list/?fbclid=PAAaYXQzahrtH7h71LTJFBOa12443paA-3iHLX1v1QyM1c6ZolH93di6sOOUI HTTP/1.1" 200 7137
[16/Nov/2022 03:03:37] "GET /articles/list/ HTTP/1.1" 200 7137
[16/Nov/2022 03:03:41] "GET /media/article/383F9230-3047-4F91-A52A-375CE1A5E3A5.jpeg HTTP/1.1" 200 1915795
[16/Nov/2022 03:03:41] "GET /media/article/%EB%8B%A4%EC%9A%B4%EB%A1%9C%EB%93%9C.jpeg HTTP/1.1" 200 5397
[16/Nov/2022 03:03:41] "GET /media/article/tt45.jpeg HTTP/1.1" 200 83371
[16/Nov/2022 03:03:48] "GET /media/article/test3.jpeg HTTP/1.1" 200 28817
[16/Nov/2022 03:03:57] "GET /media/article/catacatat.jpg HTTP/1.1" 200 803476
[16/Nov/2022 03:04:34] "GET /media/article/test4.jpg HTTP/1.1" 200 1248036
[16/Nov/2022 06:18:11] "GET /articles/list?fbclid=PAAaatVua5EIf9RQ1mG_E3Rbph1GUNhCDnmd1TMWuycXVYRbzd7Vp7erVbhy8 HTTP/1.1" 301 0
[16/Nov/2022 06:18:12] "GET /articles/list/?fbclid=PAAaatVua5EIf9RQ1mG_E3Rbph1GUNhCDnmd1TMWuycXVYRbzd7Vp7erVbhy8 HTTP/1.1" 200 7137
Not Found: /favicon.ico
[16/Nov/2022 06:18:13] "GET /favicon.ico HTTP/1.1" 404 2566
[16/Nov/2022 06:18:17] "GET /articles/detail/1 HTTP/1.1" 200 3849
[16/Nov/2022 06:18:21] "GET /articles/detail/4 HTTP/1.1" 200 3813
[16/Nov/2022 06:18:23] "GET /articles/detail/3 HTTP/1.1" 200 3892
[16/Nov/2022 06:18:26] "GET /articles/detail/5 HTTP/1.1" 200 3816
[16/Nov/2022 06:18:28] "GET /articles/detail/6 HTTP/1.1" 200 3806
[16/Nov/2022 06:18:31] "GET /articles/detail/1 HTTP/1.1" 200 3849
[16/Nov/2022 08:11:23] "GET /articles/list?fbclid=PAAaaWzGy8ZruTHmiysMbC0isS4hsZlD7slvb7322fe3tl3cLrktIonJkHBIY HTTP/1.1" 301 0
[16/Nov/2022 08:11:23] "GET /articles/list/?fbclid=PAAaaWzGy8ZruTHmiysMbC0isS4hsZlD7slvb7322fe3tl3cLrktIonJkHBIY HTTP/1.1" 200 7137
[16/Nov/2022 08:11:24] "GET /static/base.css HTTP/1.1" 304 0
[16/Nov/2022 08:11:24] "GET /media/article/test3.jpeg HTTP/1.1" 304 0
[16/Nov/2022 08:11:24] "GET /media/article/catacatat.jpg HTTP/1.1" 304 0
[16/Nov/2022 08:11:24] "GET /media/article/test4.jpg HTTP/1.1" 304 0
[16/Nov/2022 08:11:24] "GET /media/article/tt45.jpeg HTTP/1.1" 304 0
Not Found: /favicon.ico
[16/Nov/2022 08:11:24] "GET /favicon.ico HTTP/1.1" 404 2566
[16/Nov/2022 08:11:41] "GET /articles/detail/1 HTTP/1.1" 200 3849
[16/Nov/2022 08:11:44] "GET /articles/detail/7 HTTP/1.1" 200 3806
[16/Nov/2022 13:53:28] "GET /articles/list?fbclid=PAAaZtvvtWNAZmxCHvXZTebZoJ5NgX7kSAR6HAYmJ_EcOsxQXhzQTSCXj8qT0 HTTP/1.1" 301 0
[16/Nov/2022 13:53:29] "GET /articles/list/?fbclid=PAAaZtvvtWNAZmxCHvXZTebZoJ5NgX7kSAR6HAYmJ_EcOsxQXhzQTSCXj8qT0 HTTP/1.1" 200 7137
[16/Nov/2022 13:53:29] "GET /static/base.css HTTP/1.1" 304 0
[16/Nov/2022 13:53:29] "GET /media/article/catacatat.jpg HTTP/1.1" 304 0
[16/Nov/2022 13:53:29] "GET /static/js/magicgrid.js HTTP/1.1" 304 0
[16/Nov/2022 13:53:29] "GET /media/article/383F9230-3047-4F91-A52A-375CE1A5E3A5.jpeg HTTP/1.1" 304 0
[16/Nov/2022 13:53:29] "GET /media/article/test3.jpeg HTTP/1.1" 304 0
[16/Nov/2022 13:53:29] "GET /media/article/%EB%8B%A4%EC%9A%B4%EB%A1%9C%EB%93%9C.jpeg HTTP/1.1" 304 0
[16/Nov/2022 13:53:29] "GET /media/article/tt45.jpeg HTTP/1.1" 304 0
[16/Nov/2022 13:53:29] "GET /media/article/test4.jpg HTTP/1.1" 304 0
Not Found: /favicon.ico
[16/Nov/2022 13:53:29] "GET /favicon.ico HTTP/1.1" 404 2566
[17/Nov/2022 00:10:10] "GET /articles/list?fbclid=PAAaYPtz9YiS-yVQcAeZ1bRZhBiWMb8PfeRu1oKIEQJ38ZOiwshDz2i6Qx-08 HTTP/1.1" 301 0
[17/Nov/2022 00:10:10] "GET /articles/list/?fbclid=PAAaYPtz9YiS-yVQcAeZ1bRZhBiWMb8PfeRu1oKIEQJ38ZOiwshDz2i6Qx-08 HTTP/1.1" 200 7137
[17/Nov/2022 00:10:11] "GET /static/base.css HTTP/1.1" 200 633
[17/Nov/2022 00:10:12] "GET /static/js/magicgrid.js HTTP/1.1" 200 6757
[17/Nov/2022 00:10:12] "GET /media/article/%EB%8B%A4%EC%9A%B4%EB%A1%9C%EB%93%9C.jpeg HTTP/1.1" 200 5397
[17/Nov/2022 00:10:12] "GET /static/fonts/NanumSquareR.otf HTTP/1.1" 200 492584
[17/Nov/2022 00:10:13] "GET /media/article/test3.jpeg HTTP/1.1" 200 28817
[17/Nov/2022 00:10:13] "GET /media/article/catacatat.jpg HTTP/1.1" 200 803476
[17/Nov/2022 00:10:13] "GET /media/article/383F9230-3047-4F91-A52A-375CE1A5E3A5.jpeg HTTP/1.1" 200 1915795
[17/Nov/2022 00:10:13] "GET /media/article/test4.jpg HTTP/1.1" 200 1248036
[17/Nov/2022 00:10:14] "GET /media/article/tt45.jpeg HTTP/1.1" 200 83371
Not Found: /
[18/Nov/2022 00:38:05] "GET / HTTP/1.1" 404 2515
Not Found: /
[18/Nov/2022 00:38:43] "GET / HTTP/1.1" 404 2515
Not Found: /
[18/Nov/2022 00:38:52] "GET / HTTP/1.1" 404 2515
[18/Nov/2022 12:27:29] "GET /articles/list?fbclid=PAAaYCw5kyDhOt7ogpWP5W-lfx2mvZdRCygt7QxUroy4oGhhhGYg-Rh2gxLkk HTTP/1.1" 301 0
[18/Nov/2022 12:27:29] "GET /articles/list/?fbclid=PAAaYCw5kyDhOt7ogpWP5W-lfx2mvZdRCygt7QxUroy4oGhhhGYg-Rh2gxLkk HTTP/1.1" 200 7137
[18/Nov/2022 12:27:30] "GET /static/base.css HTTP/1.1" 200 633
[18/Nov/2022 12:27:30] "GET /media/article/%EB%8B%A4%EC%9A%B4%EB%A1%9C%EB%93%9C.jpeg HTTP/1.1" 200 5397
[18/Nov/2022 12:27:30] "GET /static/js/magicgrid.js HTTP/1.1" 200 6757
[18/Nov/2022 12:27:30] "GET /media/article/catacatat.jpg HTTP/1.1" 200 803476
[18/Nov/2022 12:27:30] "GET /media/article/383F9230-3047-4F91-A52A-375CE1A5E3A5.jpeg HTTP/1.1" 200 1915795
[18/Nov/2022 12:27:30] "GET /static/fonts/NanumSquareR.otf HTTP/1.1" 200 492584
[18/Nov/2022 12:27:30] "GET /media/article/test3.jpeg HTTP/1.1" 200 28817
[18/Nov/2022 12:27:30] "GET /media/article/tt45.jpeg HTTP/1.1" 200 83371
[18/Nov/2022 12:27:30] "GET /media/article/test4.jpg HTTP/1.1" 200 1248036
[18/Nov/2022 14:07:18] "GET /articles/list?fbclid=PAAaZ4kZh7K8kEdRei4Xn8NDkuJ7TtQpJ9_zyumzUqQTHy4zcpE6BFRNApucM HTTP/1.1" 301 0
[18/Nov/2022 14:07:19] "GET /articles/list/?fbclid=PAAaZ4kZh7K8kEdRei4Xn8NDkuJ7TtQpJ9_zyumzUqQTHy4zcpE6BFRNApucM HTTP/1.1" 200 7137
[18/Nov/2022 14:07:19] "GET /static/base.css HTTP/1.1" 304 0
[18/Nov/2022 14:07:19] "GET /media/article/tt45.jpeg HTTP/1.1" 304 0
[18/Nov/2022 14:07:20] "GET /media/article/383F9230-3047-4F91-A52A-375CE1A5E3A5.jpeg HTTP/1.1" 304 0
[18/Nov/2022 14:07:20] "GET /media/article/test3.jpeg HTTP/1.1" 304 0
[18/Nov/2022 14:07:20] "GET /media/article/%EB%8B%A4%EC%9A%B4%EB%A1%9C%EB%93%9C.jpeg HTTP/1.1" 304 0
[18/Nov/2022 14:07:20] "GET /static/js/magicgrid.js HTTP/1.1" 304 0
[18/Nov/2022 14:07:20] "GET /static/fonts/NanumSquareR.otf HTTP/1.1" 304 0
[18/Nov/2022 14:07:20] "GET /media/article/catacatat.jpg HTTP/1.1" 304 0
[18/Nov/2022 14:07:21] "GET /media/article/test4.jpg HTTP/1.1" 304 0
[18/Nov/2022 14:57:12] "GET /articles/list?fbclid=PAAaZhoBxAi3NCkdTEgJ_-zaDKY1mic9iYX0v4fzm-Dhrt8zrW5lw2rlkDIog HTTP/1.1" 301 0
[18/Nov/2022 14:57:14] "GET /articles/list/?fbclid=PAAaZhoBxAi3NCkdTEgJ_-zaDKY1mic9iYX0v4fzm-Dhrt8zrW5lw2rlkDIog HTTP/1.1" 200 7137
[18/Nov/2022 14:57:15] "GET /static/fonts/NanumSquareR.otf HTTP/1.1" 304 0
[18/Nov/2022 14:57:15] "GET /static/base.css HTTP/1.1" 304 0
[18/Nov/2022 14:57:15] "GET /static/js/magicgrid.js HTTP/1.1" 304 0
[18/Nov/2022 14:57:15] "GET /media/article/%EB%8B%A4%EC%9A%B4%EB%A1%9C%EB%93%9C.jpeg HTTP/1.1" 304 0
[18/Nov/2022 14:57:16] "GET /media/article/383F9230-3047-4F91-A52A-375CE1A5E3A5.jpeg HTTP/1.1" 200 1915795
[18/Nov/2022 14:57:16] "GET /media/article/catacatat.jpg HTTP/1.1" 304 0
[18/Nov/2022 14:57:16] "GET /media/article/tt45.jpeg HTTP/1.1" 304 0
[18/Nov/2022 14:57:17] "GET /media/article/test4.jpg HTTP/1.1" 200 1248036
[18/Nov/2022 14:57:18] "GET /media/article/test3.jpeg HTTP/1.1" 304 0
[18/Nov/2022 14:57:19] "GET /articles/detail/1 HTTP/1.1" 200 3849
Not Found: /favicon.ico
[18/Nov/2022 14:57:19] "GET /favicon.ico HTTP/1.1" 404 2566
[18/Nov/2022 23:46:15] "GET /articles/list?fbclid=PAAaZtw9-hcht5eUCwqEMxTa7SYU74rnghKNa2JMD77vihfeY8n9JbF3NlHMw HTTP/1.1" 301 0
[18/Nov/2022 23:46:16] "GET /articles/list/?fbclid=PAAaZtw9-hcht5eUCwqEMxTa7SYU74rnghKNa2JMD77vihfeY8n9JbF3NlHMw HTTP/1.1" 200 7137
[18/Nov/2022 23:46:17] "GET /static/js/magicgrid.js HTTP/1.1" 200 6757
[18/Nov/2022 23:46:17] "GET /static/base.css HTTP/1.1" 200 633
[18/Nov/2022 23:46:17] "GET /media/article/%EB%8B%A4%EC%9A%B4%EB%A1%9C%EB%93%9C.jpeg HTTP/1.1" 200 5397
[18/Nov/2022 23:46:17] "GET /media/article/test3.jpeg HTTP/1.1" 200 28817
[18/Nov/2022 23:46:17] "GET /media/article/383F9230-3047-4F91-A52A-375CE1A5E3A5.jpeg HTTP/1.1" 200 1915795
[18/Nov/2022 23:46:17] "GET /static/fonts/NanumSquareR.otf HTTP/1.1" 200 492584
[18/Nov/2022 23:46:18] "GET /media/article/tt45.jpeg HTTP/1.1" 200 83371
[18/Nov/2022 23:46:18] "GET /media/article/catacatat.jpg HTTP/1.1" 200 803476
[18/Nov/2022 23:46:18] "GET /media/article/test4.jpg HTTP/1.1" 200 1248036
[18/Nov/2022 23:46:24] "GET /articles/list/?fbclid=PAAaZtw9-hcht5eUCwqEMxTa7SYU74rnghKNa2JMD77vihfeY8n9JbF3NlHMw HTTP/1.1" 200 7137
[18/Nov/2022 23:46:24] "GET /static/base.css HTTP/1.1" 304 0
[18/Nov/2022 23:46:24] "GET /static/js/magicgrid.js HTTP/1.1" 304 0
[18/Nov/2022 23:46:24] "GET /media/article/383F9230-3047-4F91-A52A-375CE1A5E3A5.jpeg HTTP/1.1" 304 0
[18/Nov/2022 23:46:24] "GET /static/fonts/NanumSquareR.otf HTTP/1.1" 304 0
[18/Nov/2022 23:46:24] "GET /media/article/%EB%8B%A4%EC%9A%B4%EB%A1%9C%EB%93%9C.jpeg HTTP/1.1" 304 0
[18/Nov/2022 23:46:24] "GET /media/article/test3.jpeg HTTP/1.1" 304 0
[18/Nov/2022 23:46:24] "GET /media/article/catacatat.jpg HTTP/1.1" 304 0
[18/Nov/2022 23:46:24] "GET /media/article/test4.jpg HTTP/1.1" 304 0
[18/Nov/2022 23:46:24] "GET /media/article/tt45.jpeg HTTP/1.1" 304 0
[19/Nov/2022 01:52:34] "GET /articles/list?fbclid=PAAaYySB5DJinB_NIW2Ydvq00F2mCC6nwFE4cZS6f7CAbu41RnbSZezkjkMkY HTTP/1.1" 301 0
[19/Nov/2022 01:52:34] "GET /articles/list/?fbclid=PAAaYySB5DJinB_NIW2Ydvq00F2mCC6nwFE4cZS6f7CAbu41RnbSZezkjkMkY HTTP/1.1" 200 7137
[19/Nov/2022 01:52:34] "GET /static/base.css HTTP/1.1" 200 633
[19/Nov/2022 01:52:34] "GET /media/article/%EB%8B%A4%EC%9A%B4%EB%A1%9C%EB%93%9C.jpeg HTTP/1.1" 200 5397
[19/Nov/2022 01:52:34] "GET /static/js/magicgrid.js HTTP/1.1" 200 6757
[19/Nov/2022 01:52:35] "GET /media/article/383F9230-3047-4F91-A52A-375CE1A5E3A5.jpeg HTTP/1.1" 200 1915795
[19/Nov/2022 01:52:35] "GET /media/article/catacatat.jpg HTTP/1.1" 200 803476
[19/Nov/2022 01:52:35] "GET /static/fonts/NanumSquareR.otf HTTP/1.1" 200 492584
[19/Nov/2022 01:52:35] "GET /media/article/test3.jpeg HTTP/1.1" 200 28817
[19/Nov/2022 01:52:35] "GET /media/article/tt45.jpeg HTTP/1.1" 200 83371
[19/Nov/2022 01:52:35] "GET /media/article/test4.jpg HTTP/1.1" 200 1248036
Not Found: /favicon.ico
[19/Nov/2022 01:52:35] "GET /favicon.ico HTTP/1.1" 404 2566
[19/Nov/2022 01:52:44] "GET /articles/list/ HTTP/1.1" 200 7137
[19/Nov/2022 01:52:46] "GET /articles/detail/6 HTTP/1.1" 200 3806
Watching for file changes with StatReloader
System check identified some issues:

WARNINGS:
accountapp.HelloWorld: (models.W042) Auto-created primary key used when not defining a primary key type, by default 'django.db.models.AutoField'.
	HINT: Configure the DEFAULT_AUTO_FIELD setting or the AccountappConfig.default_auto_field attribute to point to a subclass of AutoField, e.g. 'django.db.models.BigAutoField'.

System check identified 1 issue (0 silenced).
[21/Nov/2022 03:48:41] "GET /articles/detail/1 HTTP/1.1" 200 5341
/usr/local/lib/python3.7/site-packages/django/views/generic/list.py:88: UnorderedObjectListWarning: Pagination may yield inconsistent results with an unordered object_list: <class 'articleapp.models.Article'> QuerySet.
  allow_empty_first_page=allow_empty_first_page, **kwargs)
[21/Nov/2022 03:48:42] "GET /articles/list/ HTTP/1.1" 200 6292
[21/Nov/2022 03:48:46] "GET /articles/detail/1 HTTP/1.1" 200 5341
[21/Nov/2022 03:48:53] "GET /articles/update/1 HTTP/1.1" 200 5322
[21/Nov/2022 03:48:59] "POST /articles/update/1 HTTP/1.1" 302 0
[21/Nov/2022 03:48:59] "GET /articles/detail/1 HTTP/1.1" 200 5340
[21/Nov/2022 03:49:14] "GET /accounts/logout/?next=/articles/detail/1 HTTP/1.1" 302 0
[21/Nov/2022 03:49:15] "GET /articles/detail/1 HTTP/1.1" 200 5207
[21/Nov/2022 03:49:17] "GET /accounts/login/?next=/articles/detail/1 HTTP/1.1" 200 4757
[21/Nov/2022 03:50:06] "GET /accounts/create/ HTTP/1.1" 200 6579
[21/Nov/2022 03:50:32] "GET /admin HTTP/1.1" 301 0
[21/Nov/2022 03:50:32] "GET /admin/ HTTP/1.1" 302 0
[21/Nov/2022 03:50:32] "GET /admin/login/?next=/admin/ HTTP/1.1" 200 2214
[21/Nov/2022 03:50:32] "GET /static/admin/css/nav_sidebar.css HTTP/1.1" 200 2271
[21/Nov/2022 03:50:32] "GET /static/admin/css/responsive.css HTTP/1.1" 200 18545
[21/Nov/2022 03:50:32] "GET /static/admin/css/login.css HTTP/1.1" 200 939
[21/Nov/2022 03:50:32] "GET /static/admin/js/nav_sidebar.js HTTP/1.1" 200 1360
[21/Nov/2022 03:50:32] "GET /static/admin/css/base.css HTTP/1.1" 200 19513
[21/Nov/2022 03:50:32] "GET /static/admin/css/fonts.css HTTP/1.1" 200 423
[21/Nov/2022 03:50:32] "GET /static/admin/fonts/Roboto-Light-webfont.woff HTTP/1.1" 200 85692
[21/Nov/2022 03:50:32] "GET /static/admin/fonts/Roboto-Regular-webfont.woff HTTP/1.1" 200 85876
[21/Nov/2022 03:50:39] "POST /admin/login/?next=/admin/ HTTP/1.1" 302 0
[21/Nov/2022 03:50:39] "GET /admin/ HTTP/1.1" 200 4077
[21/Nov/2022 03:50:39] "GET /static/admin/img/icon-deletelink.svg HTTP/1.1" 200 392
[21/Nov/2022 03:50:39] "GET /static/admin/img/icon-changelink.svg HTTP/1.1" 200 380
[21/Nov/2022 03:50:39] "GET /static/admin/css/dashboard.css HTTP/1.1" 200 380
[21/Nov/2022 03:50:39] "GET /static/admin/img/icon-addlink.svg HTTP/1.1" 200 331
[21/Nov/2022 03:50:39] "GET /static/admin/fonts/Roboto-Bold-webfont.woff HTTP/1.1" 200 86184
[21/Nov/2022 03:50:42] "GET /admin/auth/user/ HTTP/1.1" 200 8228
[21/Nov/2022 03:50:42] "GET /static/admin/css/changelists.css HTTP/1.1" 200 6874
[21/Nov/2022 03:50:42] "GET /static/admin/js/jquery.init.js HTTP/1.1" 200 347
[21/Nov/2022 03:50:42] "GET /static/admin/js/core.js HTTP/1.1" 200 5698
[21/Nov/2022 03:50:42] "GET /admin/jsi18n/ HTTP/1.1" 200 3195
[21/Nov/2022 03:50:42] "GET /static/admin/js/vendor/jquery/jquery.js HTTP/1.1" 200 287630
[21/Nov/2022 03:50:42] "GET /static/admin/js/admin/RelatedObjectLookups.js HTTP/1.1" 200 5984
[21/Nov/2022 03:50:42] "GET /static/admin/js/urlify.js HTTP/1.1" 200 7902
[21/Nov/2022 03:50:42] "GET /static/admin/js/actions.js HTTP/1.1" 200 7867
[21/Nov/2022 03:50:42] "GET /static/admin/js/prepopulate.js HTTP/1.1" 200 1531
[21/Nov/2022 03:50:42] "GET /static/admin/js/vendor/xregexp/xregexp.js HTTP/1.1" 200 232381
[21/Nov/2022 03:50:42] "GET /static/admin/img/search.svg HTTP/1.1" 200 458
[21/Nov/2022 03:50:42] "GET /static/admin/img/icon-yes.svg HTTP/1.1" 200 436
[21/Nov/2022 03:50:43] "GET /static/admin/img/icon-no.svg HTTP/1.1" 200 560
[21/Nov/2022 03:50:43] "GET /static/admin/img/tooltag-add.svg HTTP/1.1" 200 331
[21/Nov/2022 03:50:43] "GET /static/admin/img/sorting-icons.svg HTTP/1.1" 200 1097
[21/Nov/2022 03:50:44] "GET /admin/auth/user/5/change/ HTTP/1.1" 200 16253
[21/Nov/2022 03:50:44] "GET /static/admin/js/SelectBox.js HTTP/1.1" 200 4360
[21/Nov/2022 03:50:44] "GET /static/admin/js/calendar.js HTTP/1.1" 200 8466
[21/Nov/2022 03:50:44] "GET /static/admin/js/SelectFilter2.js HTTP/1.1" 200 12350
[21/Nov/2022 03:50:44] "GET /static/admin/css/forms.css HTTP/1.1" 200 8804
[21/Nov/2022 03:50:44] "GET /admin/jsi18n/ HTTP/1.1" 200 3195
[21/Nov/2022 03:50:44] "GET /static/admin/js/admin/DateTimeShortcuts.js HTTP/1.1" 200 19634
[21/Nov/2022 03:50:44] "GET /static/admin/css/widgets.css HTTP/1.1" 200 11097
[21/Nov/2022 03:50:44] "GET /static/admin/js/prepopulate_init.js HTTP/1.1" 200 492
[21/Nov/2022 03:50:44] "GET /static/admin/js/change_form.js HTTP/1.1" 200 606
[21/Nov/2022 03:50:44] "GET /static/admin/img/icon-clock.svg HTTP/1.1" 200 677
[21/Nov/2022 03:50:44] "GET /static/admin/img/icon-calendar.svg HTTP/1.1" 200 1086
[21/Nov/2022 03:50:44] "GET /static/admin/img/icon-unknown-alt.svg HTTP/1.1" 200 655
[21/Nov/2022 03:50:44] "GET /static/admin/img/selector-icons.svg HTTP/1.1" 200 3291
[21/Nov/2022 03:50:44] "GET /static/admin/img/icon-unknown.svg HTTP/1.1" 200 655
[21/Nov/2022 03:50:47] "GET /admin/auth/user/ HTTP/1.1" 200 8228
[21/Nov/2022 03:50:48] "GET /admin/auth/user/7/change/ HTTP/1.1" 200 16210
[21/Nov/2022 03:50:48] "GET /admin/jsi18n/ HTTP/1.1" 200 3195
[21/Nov/2022 03:50:51] "GET /admin/auth/user/ HTTP/1.1" 200 8228
[21/Nov/2022 03:50:52] "GET /admin/auth/user/5/change/ HTTP/1.1" 200 16253
[21/Nov/2022 03:50:52] "GET /admin/jsi18n/ HTTP/1.1" 200 3195
[21/Nov/2022 03:51:06] "GET /admin/auth/user/5/password/ HTTP/1.1" 200 4552
[21/Nov/2022 03:51:09] "GET /admin/auth/user/5/change/ HTTP/1.1" 200 16253
[21/Nov/2022 03:55:10] "GET /accounts/create/ HTTP/1.1" 200 6741
Not Found: /accounts/create/pas.png
[21/Nov/2022 03:55:11] "GET /accounts/create/pas.png HTTP/1.1" 404 3898
[21/Nov/2022 03:55:33] "GET /accounts/create/ HTTP/1.1" 200 6741
Not Found: /accounts/create/pas.png
[21/Nov/2022 03:55:33] "GET /accounts/create/pas.png HTTP/1.1" 404 3898
Performing system checks...

November 21, 2022 - 03:48:37
Django version 3.2.16, using settings 'blog.settings'
Starting development server at http://0.0.0.0:80/
Quit the server with CONTROL-C.
Watching for file changes with StatReloader
System check identified some issues:

WARNINGS:
accountapp.HelloWorld: (models.W042) Auto-created primary key used when not defining a primary key type, by default 'django.db.models.AutoField'.
	HINT: Configure the DEFAULT_AUTO_FIELD setting or the AccountappConfig.default_auto_field attribute to point to a subclass of AutoField, e.g. 'django.db.models.BigAutoField'.

System check identified 1 issue (0 silenced).
[21/Nov/2022 03:55:53] "GET /accounts/create/ HTTP/1.1" 200 6741
Not Found: /accounts/create/pas.png
[21/Nov/2022 03:55:53] "GET /accounts/create/pas.png HTTP/1.1" 404 3898
[21/Nov/2022 03:56:13] "GET /accounts/create/ HTTP/1.1" 200 6758
Not Found: /accounts/create/pas.png
[21/Nov/2022 03:56:13] "GET /accounts/create/pas.png HTTP/1.1" 404 3898
[21/Nov/2022 03:56:14] "GET /accounts/create/ HTTP/1.1" 200 6758
Not Found: /accounts/create/pas.png
[21/Nov/2022 03:56:14] "GET /accounts/create/pas.png HTTP/1.1" 404 3898
[21/Nov/2022 03:57:22] "GET /accounts/create/ HTTP/1.1" 200 6711
Not Found: /accounts/create/pas.png
[21/Nov/2022 03:57:23] "GET /accounts/create/pas.png HTTP/1.1" 404 3898
[21/Nov/2022 03:57:47] "GET /accounts/create/ HTTP/1.1" 200 6737
Not Found: /accounts/create/pas.png
[21/Nov/2022 03:57:47] "GET /accounts/create/pas.png HTTP/1.1" 404 3898
[21/Nov/2022 10:48:20] "GET /articles/list?fbclid=PAAaZtPaceLhKeeyJOwS9d4wxaOzv6BwElC8VBQqH2he0CTcP35eSej4Eg-Rw HTTP/1.1" 301 0
/usr/local/lib/python3.7/site-packages/django/views/generic/list.py:88: UnorderedObjectListWarning: Pagination may yield inconsistent results with an unordered object_list: <class 'articleapp.models.Article'> QuerySet.
  allow_empty_first_page=allow_empty_first_page, **kwargs)
[21/Nov/2022 10:48:20] "GET /articles/list/?fbclid=PAAaZtPaceLhKeeyJOwS9d4wxaOzv6BwElC8VBQqH2he0CTcP35eSej4Eg-Rw HTTP/1.1" 200 6313
[21/Nov/2022 10:48:20] "GET /static/base.css HTTP/1.1" 304 0
[21/Nov/2022 10:48:21] "GET /media/article/%EB%8B%A4%EC%9A%B4%EB%A1%9C%EB%93%9C.jpeg HTTP/1.1" 304 0
[21/Nov/2022 10:48:21] "GET /media/article/383F9230-3047-4F91-A52A-375CE1A5E3A5.jpeg HTTP/1.1" 304 0
[21/Nov/2022 10:48:21] "GET /media/article/catacatat.jpg HTTP/1.1" 304 0
[21/Nov/2022 10:48:21] "GET /static/js/magicgrid.js HTTP/1.1" 304 0
[21/Nov/2022 10:48:21] "GET /static/fonts/NanumSquareR.otf HTTP/1.1" 304 0
[21/Nov/2022 10:48:23] "GET /articles/list/?fbclid=PAAaZtPaceLhKeeyJOwS9d4wxaOzv6BwElC8VBQqH2he0CTcP35eSej4Eg-Rw HTTP/1.1" 200 6313
[21/Nov/2022 10:48:23] "GET /media/article/catacatat.jpg HTTP/1.1" 304 0
[21/Nov/2022 10:48:23] "GET /media/article/%EB%8B%A4%EC%9A%B4%EB%A1%9C%EB%93%9C.jpeg HTTP/1.1" 304 0
[21/Nov/2022 10:48:23] "GET /static/base.css HTTP/1.1" 304 0
[21/Nov/2022 10:48:23] "GET /static/js/magicgrid.js HTTP/1.1" 304 0
[21/Nov/2022 10:48:23] "GET /media/article/383F9230-3047-4F91-A52A-375CE1A5E3A5.jpeg HTTP/1.1" 304 0
[21/Nov/2022 10:48:23] "GET /static/fonts/NanumSquareR.otf HTTP/1.1" 304 0
[26/Nov/2022 12:17:49] "GET /articles/list?fbclid=PAAaYHpEfTuywMmRmoYr3NhWGoK9jFo0jqycqiptz9QCetyyYKH5jTnBOMJLg HTTP/1.1" 301 0
[26/Nov/2022 12:17:49] "GET /articles/list/?fbclid=PAAaYHpEfTuywMmRmoYr3NhWGoK9jFo0jqycqiptz9QCetyyYKH5jTnBOMJLg HTTP/1.1" 200 6313
[26/Nov/2022 12:17:49] "GET /static/base.css HTTP/1.1" 200 633
[26/Nov/2022 12:17:49] "GET /static/js/magicgrid.js HTTP/1.1" 200 6757
[26/Nov/2022 12:17:49] "GET /media/article/%EB%8B%A4%EC%9A%B4%EB%A1%9C%EB%93%9C.jpeg HTTP/1.1" 200 5397
[26/Nov/2022 12:17:50] "GET /media/article/catacatat.jpg HTTP/1.1" 200 803476
[26/Nov/2022 12:17:50] "GET /media/article/383F9230-3047-4F91-A52A-375CE1A5E3A5.jpeg HTTP/1.1" 200 1915795
[26/Nov/2022 12:17:50] "GET /static/fonts/NanumSquareR.otf HTTP/1.1" 200 492584
Watching for file changes with StatReloader
/usr/local/lib/python3.7/site-packages/django/views/generic/list.py:88: UnorderedObjectListWarning: Pagination may yield inconsistent results with an unordered object_list: <class 'articleapp.models.Article'> QuerySet.
  allow_empty_first_page=allow_empty_first_page, **kwargs)
[07/Dec/2022 14:57:57] "GET /articles/list/ HTTP/1.1" 200 8952
[07/Dec/2022 14:57:57] "GET /static/base.css HTTP/1.1" 304 0
[07/Dec/2022 14:57:58] "GET /articles/list/ HTTP/1.1" 200 8952
[07/Dec/2022 14:57:58] "GET /articles/list/ HTTP/1.1" 200 8952
[07/Dec/2022 14:58:00] "GET /articles/detail/3 HTTP/1.1" 200 6517
Internal Server Error: /comments/delete/5
Traceback (most recent call last):
  File "/usr/local/lib/python3.7/site-packages/django/core/handlers/exception.py", line 47, in inner
    response = get_response(request)
  File "/usr/local/lib/python3.7/site-packages/django/core/handlers/base.py", line 181, in _get_response
    response = wrapped_callback(request, *callback_args, **callback_kwargs)
  File "/usr/local/lib/python3.7/site-packages/django/views/generic/base.py", line 70, in view
    return self.dispatch(request, *args, **kwargs)
  File "/usr/local/lib/python3.7/site-packages/django/views/generic/base.py", line 98, in dispatch
    return handler(request, *args, **kwargs)
  File "/usr/local/lib/python3.7/site-packages/django/utils/decorators.py", line 43, in _wrapper
    return bound_method(*args, **kwargs)
  File "/workspace/git_repo_practice/blog/commentapp/decorators.py", line 9, in decorated
    comment = Comment.objects.get(pk=kwargs['pk']) #접속중인 사람의 pk를 가져옴
NameError: name 'Comment' is not defined
[07/Dec/2022 14:58:02] "GET /comments/delete/5 HTTP/1.1" 500 84567
Internal Server Error: /comments/delete/5
Traceback (most recent call last):
  File "/usr/local/lib/python3.7/site-packages/django/core/handlers/exception.py", line 47, in inner
    response = get_response(request)
  File "/usr/local/lib/python3.7/site-packages/django/core/handlers/base.py", line 181, in _get_response
    response = wrapped_callback(request, *callback_args, **callback_kwargs)
  File "/usr/local/lib/python3.7/site-packages/django/views/generic/base.py", line 70, in view
    return self.dispatch(request, *args, **kwargs)
  File "/usr/local/lib/python3.7/site-packages/django/views/generic/base.py", line 98, in dispatch
    return handler(request, *args, **kwargs)
  File "/usr/local/lib/python3.7/site-packages/django/utils/decorators.py", line 43, in _wrapper
    return bound_method(*args, **kwargs)
  File "/workspace/git_repo_practice/blog/commentapp/decorators.py", line 9, in decorated
    comment = Comment.objects.get(pk=kwargs['pk']) #접속중인 사람의 pk를 가져옴
NameError: name 'Comment' is not defined
[07/Dec/2022 14:58:13] "GET /comments/delete/5 HTTP/1.1" 500 84856
Internal Server Error: /comments/delete/5
Traceback (most recent call last):
  File "/usr/local/lib/python3.7/site-packages/django/core/handlers/exception.py", line 47, in inner
    response = get_response(request)
  File "/usr/local/lib/python3.7/site-packages/django/core/handlers/base.py", line 181, in _get_response
    response = wrapped_callback(request, *callback_args, **callback_kwargs)
  File "/usr/local/lib/python3.7/site-packages/django/views/generic/base.py", line 70, in view
    return self.dispatch(request, *args, **kwargs)
  File "/usr/local/lib/python3.7/site-packages/django/views/generic/base.py", line 98, in dispatch
    return handler(request, *args, **kwargs)
  File "/usr/local/lib/python3.7/site-packages/django/utils/decorators.py", line 43, in _wrapper
    return bound_method(*args, **kwargs)
  File "/workspace/git_repo_practice/blog/commentapp/decorators.py", line 9, in decorated
    comment = Comment.objects.get(pk=kwargs['pk']) #접속중인 사람의 pk를 가져옴
NameError: name 'Comment' is not defined
[07/Dec/2022 14:58:19] "GET /comments/delete/5 HTTP/1.1" 500 84856
[07/Dec/2022 14:58:30] "GET /articles/list/ HTTP/1.1" 200 8952
/usr/local/lib/python3.7/site-packages/django/views/generic/list.py:88: UnorderedObjectListWarning: Pagination may yield inconsistent results with an unordered object_list: <class 'projectapp.models.Project'> QuerySet.
  allow_empty_first_page=allow_empty_first_page, **kwargs)
[07/Dec/2022 14:58:33] "GET /projects/list/ HTTP/1.1" 200 7459
[07/Dec/2022 14:58:35] "GET /articles/list/ HTTP/1.1" 200 8952
[07/Dec/2022 14:58:36] "GET /articles/detail/1 HTTP/1.1" 200 8223
[07/Dec/2022 14:58:40] "GET /articles/list/ HTTP/1.1" 200 8952
[07/Dec/2022 14:58:42] "GET /articles/detail/1 HTTP/1.1" 200 8223
[07/Dec/2022 14:58:46] "GET /articles/detail/3 HTTP/1.1" 200 6517
Internal Server Error: /comments/delete/5
Traceback (most recent call last):
  File "/usr/local/lib/python3.7/site-packages/django/core/handlers/exception.py", line 47, in inner
    response = get_response(request)
  File "/usr/local/lib/python3.7/site-packages/django/core/handlers/base.py", line 181, in _get_response
    response = wrapped_callback(request, *callback_args, **callback_kwargs)
  File "/usr/local/lib/python3.7/site-packages/django/views/generic/base.py", line 70, in view
    return self.dispatch(request, *args, **kwargs)
  File "/usr/local/lib/python3.7/site-packages/django/views/generic/base.py", line 98, in dispatch
    return handler(request, *args, **kwargs)
  File "/usr/local/lib/python3.7/site-packages/django/utils/decorators.py", line 43, in _wrapper
    return bound_method(*args, **kwargs)
  File "/workspace/git_repo_practice/blog/commentapp/decorators.py", line 9, in decorated
    comment = Comment.objects.get(pk=kwargs['pk']) #접속중인 사람의 pk를 가져옴
NameError: name 'Comment' is not defined
[07/Dec/2022 14:58:48] "GET /comments/delete/5 HTTP/1.1" 500 84451
[08/Dec/2022 09:03:03] "GET /?fbclid=PAAaZkSEBZzrt-i0MYr0b3PSOqyxgorRJkLwFnKNgXn6U233Y_qUVpsa7rmjg HTTP/1.1" 200 8959
[08/Dec/2022 09:03:03] "GET /static/js/magicgrid.js HTTP/1.1" 200 6882
[08/Dec/2022 09:03:03] "GET /static/base.css HTTP/1.1" 200 824
[08/Dec/2022 09:03:03] "GET /media/article/%EB%8B%A4%EC%9A%B4%EB%A1%9C%EB%93%9C.jpeg HTTP/1.1" 200 5397
[08/Dec/2022 09:03:03] "GET /media/article/licensed-image.jpg HTTP/1.1" 200 301020
[08/Dec/2022 09:03:04] "GET /media/article/ccc2.jpg HTTP/1.1" 200 560356
[08/Dec/2022 09:03:04] "GET /media/article/catacatat.jpg HTTP/1.1" 200 803476
[08/Dec/2022 09:03:04] "GET /media/article/ccc.jpg HTTP/1.1" 200 638682
[08/Dec/2022 09:03:04] "GET /static/fonts/NanumSquareR.otf HTTP/1.1" 200 492584
[08/Dec/2022 09:03:04] "GET /media/article/c4.jpeg HTTP/1.1" 200 5181
[08/Dec/2022 09:03:04] "GET /media/article/c5.jpg HTTP/1.1" 200 122031
[08/Dec/2022 09:03:04] "GET /media/article/383F9230-3047-4F91-A52A-375CE1A5E3A5.jpeg HTTP/1.1" 200 1915795
[08/Dec/2022 09:03:04] "GET /media/article/c3.jpeg HTTP/1.1" 200 353578
[08/Dec/2022 09:03:04] "GET /media/article/cat-toes-paw-number-paws-tiger-tabby.png HTTP/1.1" 200 2148437
Not Found: /favicon.ico
[08/Dec/2022 09:03:04] "GET /favicon.ico HTTP/1.1" 404 3008
[09/Dec/2022 01:59:13] "GET /?fbclid=PAAab1y_N4z9NVaebGITAfDbX8FGhrOcBOPmvGcUDQghM4gFYmO4-ZZI1nRko HTTP/1.1" 200 8959
[09/Dec/2022 01:59:13] "GET /static/base.css HTTP/1.1" 304 0
[09/Dec/2022 01:59:14] "GET /media/article/licensed-image.jpg HTTP/1.1" 304 0
[09/Dec/2022 01:59:14] "GET /media/article/cat-toes-paw-number-paws-tiger-tabby.png HTTP/1.1" 304 0
[09/Dec/2022 01:59:14] "GET /static/js/magicgrid.js HTTP/1.1" 304 0
[09/Dec/2022 01:59:14] "GET /media/article/ccc2.jpg HTTP/1.1" 304 0
[09/Dec/2022 01:59:14] "GET /media/article/ccc.jpg HTTP/1.1" 304 0
[09/Dec/2022 01:59:14] "GET /media/article/c3.jpeg HTTP/1.1" 304 0
[09/Dec/2022 01:59:14] "GET /media/article/c4.jpeg HTTP/1.1" 304 0
[09/Dec/2022 01:59:14] "GET /media/article/c5.jpg HTTP/1.1" 304 0
Not Found: /favicon.ico
[09/Dec/2022 01:59:15] "GET /favicon.ico HTTP/1.1" 404 3008
[09/Dec/2022 01:59:19] "GET /articles/detail/1 HTTP/1.1" 200 7553
[09/Dec/2022 01:59:21] "GET /?fbclid=PAAab1y_N4z9NVaebGITAfDbX8FGhrOcBOPmvGcUDQghM4gFYmO4-ZZI1nRko HTTP/1.1" 200 8959
[09/Dec/2022 01:59:22] "GET /articles/detail/3 HTTP/1.1" 200 6432
[09/Dec/2022 01:59:25] "GET /articles/detail/3 HTTP/1.1" 200 6432
[09/Dec/2022 01:59:27] "GET /accounts/login/?next=/articles/detail/3 HTTP/1.1" 200 5334
[09/Dec/2022 01:59:34] "POST /accounts/login/ HTTP/1.1" 200 5841
[09/Dec/2022 01:59:41] "POST /accounts/login/ HTTP/1.1" 302 0
[09/Dec/2022 01:59:44] "GET / HTTP/1.1" 200 8938
[09/Dec/2022 01:59:50] "GET /articles/detail/3 HTTP/1.1" 200 6517
Internal Server Error: /comments/delete/5
Traceback (most recent call last):
  File "/usr/local/lib/python3.7/site-packages/django/core/handlers/exception.py", line 47, in inner
    response = get_response(request)
  File "/usr/local/lib/python3.7/site-packages/django/core/handlers/base.py", line 181, in _get_response
    response = wrapped_callback(request, *callback_args, **callback_kwargs)
  File "/usr/local/lib/python3.7/site-packages/django/views/generic/base.py", line 70, in view
    return self.dispatch(request, *args, **kwargs)
  File "/usr/local/lib/python3.7/site-packages/django/views/generic/base.py", line 98, in dispatch
    return handler(request, *args, **kwargs)
  File "/usr/local/lib/python3.7/site-packages/django/utils/decorators.py", line 43, in _wrapper
    return bound_method(*args, **kwargs)
  File "/workspace/git_repo_practice/blog/commentapp/decorators.py", line 9, in decorated
    comment = Comment.objects.get(pk=kwargs['pk']) #접속중인 사람의 pk를 가져옴
NameError: name 'Comment' is not defined
[09/Dec/2022 01:59:54] "GET /comments/delete/5 HTTP/1.1" 500 75417
[09/Dec/2022 03:49:03] "GET /?fbclid=PAAaZ_t4A0XLkDTSptFXzrH2DykTkrMgrlb-J-hl4gwrGP-N73uAwgd_HGgxA HTTP/1.1" 200 8938
Not Found: /favicon.ico
[09/Dec/2022 03:49:04] "GET /favicon.ico HTTP/1.1" 404 3008
[09/Dec/2022 03:49:08] "GET /accounts/detail/5 HTTP/1.1" 200 9448
[09/Dec/2022 03:49:08] "GET /media/profile/cat.jpg HTTP/1.1" 200 6108
[09/Dec/2022 03:57:01] "GET /projects/list/ HTTP/1.1" 200 7459
[09/Dec/2022 03:57:01] "GET /media/project/cat.jpg HTTP/1.1" 200 6108
[09/Dec/2022 03:57:01] "GET /media/project/cat_NpoKb91.jpg HTTP/1.1" 200 6108
[09/Dec/2022 03:57:01] "GET /media/project/cat_RUHVpCk.jpg HTTP/1.1" 200 6108
[09/Dec/2022 03:57:01] "GET /media/project/cat_i4IUzBP.jpg HTTP/1.1" 200 6108
[09/Dec/2022 13:22:07] "GET / HTTP/1.1" 200 8959
[09/Dec/2022 13:22:07] "GET /static/base.css HTTP/1.1" 200 824
[09/Dec/2022 13:22:07] "GET /static/js/magicgrid.js HTTP/1.1" 200 6882
[09/Dec/2022 13:22:08] "GET /media/article/licensed-image.jpg HTTP/1.1" 200 301020
[09/Dec/2022 13:22:08] "GET /media/article/catacatat.jpg HTTP/1.1" 200 803476
[09/Dec/2022 13:22:08] "GET /media/article/%EB%8B%A4%EC%9A%B4%EB%A1%9C%EB%93%9C.jpeg HTTP/1.1" 200 5397
[09/Dec/2022 13:22:08] "GET /media/article/c5.jpg HTTP/1.1" 200 122031
[09/Dec/2022 13:22:08] "GET /static/fonts/NanumSquareR.otf HTTP/1.1" 200 492584
[09/Dec/2022 13:22:08] "GET /media/article/c3.jpeg HTTP/1.1" 200 353578
[09/Dec/2022 13:22:08] "GET /media/article/c4.jpeg HTTP/1.1" 200 5181
[09/Dec/2022 13:22:08] "GET /media/article/ccc2.jpg HTTP/1.1" 200 560356
[09/Dec/2022 13:22:08] "GET /media/article/ccc.jpg HTTP/1.1" 200 638682
[09/Dec/2022 13:22:08] "GET /media/article/383F9230-3047-4F91-A52A-375CE1A5E3A5.jpeg HTTP/1.1" 200 1915795
[09/Dec/2022 13:22:09] "GET /media/article/cat-toes-paw-number-paws-tiger-tabby.png HTTP/1.1" 200 2148437
Not Found: /favicon.ico
[09/Dec/2022 13:22:09] "GET /favicon.ico HTTP/1.1" 404 3008
[09/Dec/2022 13:22:16] "GET /accounts/login/?next=/ HTTP/1.1" 200 5334
[09/Dec/2022 13:22:19] "POST /accounts/login/ HTTP/1.1" 302 0
[09/Dec/2022 13:22:19] "GET / HTTP/1.1" 200 8938
[09/Dec/2022 13:22:55] "GET /articles/detail/3 HTTP/1.1" 200 6519
Internal Server Error: /comments/delete/5
Traceback (most recent call last):
  File "/usr/local/lib/python3.7/site-packages/django/core/handlers/exception.py", line 47, in inner
    response = get_response(request)
  File "/usr/local/lib/python3.7/site-packages/django/core/handlers/base.py", line 181, in _get_response
    response = wrapped_callback(request, *callback_args, **callback_kwargs)
  File "/usr/local/lib/python3.7/site-packages/django/views/generic/base.py", line 70, in view
    return self.dispatch(request, *args, **kwargs)
  File "/usr/local/lib/python3.7/site-packages/django/views/generic/base.py", line 98, in dispatch
    return handler(request, *args, **kwargs)
  File "/usr/local/lib/python3.7/site-packages/django/utils/decorators.py", line 43, in _wrapper
    return bound_method(*args, **kwargs)
  File "/workspace/git_repo_practice/blog/commentapp/decorators.py", line 9, in decorated
    comment = Comment.objects.get(pk=kwargs['pk']) #접속중인 사람의 pk를 가져옴
NameError: name 'Comment' is not defined
[09/Dec/2022 13:22:57] "GET /comments/delete/5 HTTP/1.1" 500 85390
/workspace/git_repo_practice/blog/commentapp/decorators.py changed, reloading.
Performing system checks...

System check identified no issues (0 silenced).
December 07, 2022 - 14:57:57
Django version 3.2.16, using settings 'blog.settings'
Starting development server at http://0.0.0.0:80/
Quit the server with CONTROL-C.
Watching for file changes with StatReloader
[09/Dec/2022 13:24:04] "GET /articles/detail/3 HTTP/1.1" 200 6519
Watching for file changes with StatReloader
/usr/local/lib/python3.7/site-packages/django/views/generic/list.py:88: UnorderedObjectListWarning: Pagination may yield inconsistent results with an unordered object_list: <class 'articleapp.models.Article'> QuerySet.
  allow_empty_first_page=allow_empty_first_page, **kwargs)
[09/Dec/2022 14:35:24] "GET /?fbclid=PAAaZ0SUM8-gLY5ur6DUJXHfKbumM_32IcDRIz5HRvQZcnaKAZRfC6JgMOkfY HTTP/1.1" 200 9237
[09/Dec/2022 14:35:24] "GET /static/base.css HTTP/1.1" 304 0
[09/Dec/2022 14:35:24] "GET /media/article/licensed-image.jpg HTTP/1.1" 304 0
[09/Dec/2022 14:35:24] "GET /media/article/ccc.jpg HTTP/1.1" 304 0
[09/Dec/2022 14:35:24] "GET /static/js/magicgrid.js HTTP/1.1" 304 0
[09/Dec/2022 14:35:24] "GET /media/article/cat-toes-paw-number-paws-tiger-tabby.png HTTP/1.1" 304 0
[09/Dec/2022 14:35:24] "GET /media/article/ccc2.jpg HTTP/1.1" 304 0
[09/Dec/2022 14:35:24] "GET /media/article/c3.jpeg HTTP/1.1" 304 0
[09/Dec/2022 14:35:24] "GET /media/article/c4.jpeg HTTP/1.1" 304 0
[09/Dec/2022 14:35:24] "GET /media/article/c5.jpg HTTP/1.1" 304 0
[09/Dec/2022 14:35:24] "GET /media/article/cattt.jpg HTTP/1.1" 200 57629
Not Found: /favicon.ico
[09/Dec/2022 14:35:25] "GET /favicon.ico HTTP/1.1" 404 3008
[09/Dec/2022 14:35:31] "GET /articles/detail/15 HTTP/1.1" 200 6452
[09/Dec/2022 14:35:38] "GET /accounts/login/?next=/articles/detail/15 HTTP/1.1" 200 5336
[09/Dec/2022 14:35:44] "POST /accounts/login/ HTTP/1.1" 200 5843
[09/Dec/2022 14:35:49] "POST /accounts/login/ HTTP/1.1" 302 0
[09/Dec/2022 14:35:49] "GET / HTTP/1.1" 200 9214
[09/Dec/2022 14:35:51] "GET /articles/detail/15 HTTP/1.1" 200 6584
[09/Dec/2022 14:35:53] "GET /articles/update/15 HTTP/1.1" 200 6778
[09/Dec/2022 14:36:03] "POST /articles/update/15 HTTP/1.1" 302 0
[09/Dec/2022 14:36:03] "GET /articles/detail/15 HTTP/1.1" 200 6630
[09/Dec/2022 14:36:05] "GET /articles/list/ HTTP/1.1" 200 9228
[09/Dec/2022 14:36:07] "GET /articles/detail/4 HTTP/1.1" 200 6586
[09/Dec/2022 14:36:10] "GET /articles/detail/5 HTTP/1.1" 200 6580
[09/Dec/2022 14:36:12] "GET /articles/update/5 HTTP/1.1" 200 6770
[09/Dec/2022 14:36:17] "POST /articles/update/5 HTTP/1.1" 302 0
[09/Dec/2022 14:36:17] "GET /articles/detail/5 HTTP/1.1" 200 6621
[09/Dec/2022 14:36:20] "GET /articles/list/ HTTP/1.1" 200 9228
[09/Dec/2022 14:36:31] "GET /articles/detail/1 HTTP/1.1" 200 11181
[09/Dec/2022 14:36:38] "GET /articles/detail/1 HTTP/1.1" 200 11181
[09/Dec/2022 14:36:57] "POST /comments/create/ HTTP/1.1" 302 0
[09/Dec/2022 14:36:58] "GET /articles/detail/1 HTTP/1.1" 200 11952
[09/Dec/2022 14:37:04] "GET / HTTP/1.1" 200 9214
/usr/local/lib/python3.7/site-packages/django/views/generic/list.py:88: UnorderedObjectListWarning: Pagination may yield inconsistent results with an unordered object_list: <class 'projectapp.models.Project'> QuerySet.
  allow_empty_first_page=allow_empty_first_page, **kwargs)
[09/Dec/2022 14:37:06] "GET /projects/list/ HTTP/1.1" 200 6932
[09/Dec/2022 14:37:07] "GET /projects/detail/1 HTTP/1.1" 200 8470
[09/Dec/2022 14:37:15] "GET /articles/list/ HTTP/1.1" 200 9228
[09/Dec/2022 14:37:17] "GET /articles/detail/1 HTTP/1.1" 200 11952
[09/Dec/2022 14:38:08] "POST /comments/create/ HTTP/1.1" 302 0
[09/Dec/2022 14:38:08] "GET /articles/detail/1 HTTP/1.1" 200 12769
[09/Dec/2022 14:38:34] "POST /comments/create/ HTTP/1.1" 302 0
[09/Dec/2022 14:38:34] "GET /articles/detail/1 HTTP/1.1" 200 13552
[09/Dec/2022 14:38:49] "GET /articles/update/1 HTTP/1.1" 200 8104
[09/Dec/2022 14:40:21] "POST /articles/update/1 HTTP/1.1" 302 0
[09/Dec/2022 14:40:21] "GET /articles/detail/1 HTTP/1.1" 200 13701
[09/Dec/2022 14:40:24] "GET /articles/update/1 HTTP/1.1" 200 8418
[09/Dec/2022 14:41:52] "POST /articles/update/1 HTTP/1.1" 302 0
[09/Dec/2022 14:41:52] "GET /articles/detail/1 HTTP/1.1" 200 13863
[09/Dec/2022 14:42:09] "GET /articles/update/1 HTTP/1.1" 200 8790
[09/Dec/2022 14:42:27] "POST /articles/update/1 HTTP/1.1" 302 0
[09/Dec/2022 14:42:27] "GET /articles/detail/1 HTTP/1.1" 200 13938
[09/Dec/2022 14:42:29] "GET /articles/update/1 HTTP/1.1" 200 8964
[09/Dec/2022 14:42:42] "POST /articles/update/1 HTTP/1.1" 302 0
[09/Dec/2022 14:42:42] "GET /articles/detail/1 HTTP/1.1" 200 13939
[09/Dec/2022 14:44:25] "GET /articles/list/ HTTP/1.1" 200 9228
[09/Dec/2022 14:44:25] "GET /media/article/cattt.jpg HTTP/1.1" 304 0
[09/Dec/2022 14:44:43] "GET /articles/detail/5 HTTP/1.1" 200 6621
[09/Dec/2022 14:44:45] "GET /articles/detail/3 HTTP/1.1" 200 6434
[09/Dec/2022 14:46:02] "POST /comments/create/ HTTP/1.1" 302 0
[09/Dec/2022 14:46:03] "GET /articles/detail/3 HTTP/1.1" 200 7185
[09/Dec/2022 14:46:06] "GET /articles/list/ HTTP/1.1" 200 9228
[09/Dec/2022 14:52:04] "GET /?fbclid=PAAaagF_M5pftV-oqZmVGHRc9kjhNtVPoUTDvvCdK2PNpVo2qklfnYRKyuHwQ HTTP/1.1" 200 9214
[09/Dec/2022 14:52:04] "GET /media/article/cattt.jpg HTTP/1.1" 304 0
Not Found: /favicon.ico
[09/Dec/2022 14:52:05] "GET /favicon.ico HTTP/1.1" 404 3008
[09/Dec/2022 14:59:00] "GET /?fbclid=PAAaZydQiLZYqu6_3pCEKyYPfj8zDv5hS0xb66-KmM4vmOTIbFqQL5b0N_Csw HTTP/1.1" 200 9214
[09/Dec/2022 14:59:00] "GET /media/article/cattt.jpg HTTP/1.1" 304 0
Not Found: /favicon.ico
[09/Dec/2022 14:59:01] "GET /favicon.ico HTTP/1.1" 404 3008
[10/Dec/2022 04:49:04] "GET /?fbclid=PAAaZpW9dIig-A9OpaxOh4DRr7Sml5AfX6i4GsA6CJQSh9Rs3lv-iVNp9xBQc HTTP/1.1" 200 9214
[10/Dec/2022 04:49:04] "GET /static/base.css HTTP/1.1" 304 0
[10/Dec/2022 04:49:05] "GET /static/js/magicgrid.js HTTP/1.1" 304 0
[10/Dec/2022 04:49:05] "GET /media/article/c3.jpeg HTTP/1.1" 304 0
[10/Dec/2022 04:49:05] "GET /media/article/licensed-image.jpg HTTP/1.1" 304 0
[10/Dec/2022 04:49:05] "GET /media/article/ccc2.jpg HTTP/1.1" 304 0
[10/Dec/2022 04:49:05] "GET /media/article/cat-toes-paw-number-paws-tiger-tabby.png HTTP/1.1" 304 0
[10/Dec/2022 04:49:05] "GET /media/article/ccc.jpg HTTP/1.1" 304 0
[10/Dec/2022 04:49:05] "GET /media/article/c4.jpeg HTTP/1.1" 304 0
[10/Dec/2022 04:49:05] "GET /media/article/cattt.jpg HTTP/1.1" 304 0
[10/Dec/2022 04:49:05] "GET /media/article/c5.jpg HTTP/1.1" 304 0
Not Found: /favicon.ico
[10/Dec/2022 04:49:05] "GET /favicon.ico HTTP/1.1" 404 3008
[10/Dec/2022 04:49:23] "GET /articles/detail/1 HTTP/1.1" 200 13939
[10/Dec/2022 04:50:10] "GET /articles/detail/1 HTTP/1.1" 200 13939
[10/Dec/2022 04:50:49] "GET /articles/detail/11 HTTP/1.1" 200 6581
[10/Dec/2022 04:50:55] "GET /articles/detail/11 HTTP/1.1" 200 6581
[10/Dec/2022 04:50:56] "GET /articles/update/11 HTTP/1.1" 200 6768
[10/Dec/2022 04:51:03] "POST /articles/update/11 HTTP/1.1" 302 0
[10/Dec/2022 04:51:04] "GET /articles/detail/11 HTTP/1.1" 200 6604
[10/Dec/2022 04:51:05] "GET /projects/list/ HTTP/1.1" 200 6932
[10/Dec/2022 04:51:05] "GET /media/project/cat.jpg HTTP/1.1" 304 0
[10/Dec/2022 04:51:05] "GET /media/project/cat_NpoKb91.jpg HTTP/1.1" 304 0
[10/Dec/2022 04:51:05] "GET /media/project/cat_RUHVpCk.jpg HTTP/1.1" 304 0
[10/Dec/2022 04:51:08] "GET /projects/detail/2 HTTP/1.1" 200 6146
[10/Dec/2022 04:51:09] "GET /articles/list/ HTTP/1.1" 200 9228
[10/Dec/2022 04:51:12] "GET /projects/list/ HTTP/1.1" 200 6932
[10/Dec/2022 04:51:13] "GET /projects/detail/3 HTTP/1.1" 200 6146
[10/Dec/2022 04:51:28] "GET /articles/list/ HTTP/1.1" 200 9228
[10/Dec/2022 04:52:15] "GET /articles/detail/3 HTTP/1.1" 200 7185
[10/Dec/2022 04:52:18] "GET /articles/detail/1 HTTP/1.1" 200 13939
[10/Dec/2022 04:52:24] "GET /articles/detail/11 HTTP/1.1" 200 6604
[10/Dec/2022 04:52:57] "GET /articles/detail/11 HTTP/1.1" 200 6604
[10/Dec/2022 04:53:06] "GET /articles/detail/15 HTTP/1.1" 200 6630
[10/Dec/2022 04:53:13] "GET /articles/detail/9 HTTP/1.1" 200 6577
[10/Dec/2022 04:53:17] "GET /articles/detail/11 HTTP/1.1" 200 6604
[10/Dec/2022 04:53:22] "GET /articles/detail/1 HTTP/1.1" 200 13939
[10/Dec/2022 04:53:35] "GET /articles/detail/1 HTTP/1.1" 200 13939
[10/Dec/2022 04:55:12] "GET /projects/list/ HTTP/1.1" 200 6932
[10/Dec/2022 04:55:23] "GET /projects/create/ HTTP/1.1" 200 4988
[10/Dec/2022 04:55:27] "GET /accounts/logout/?next=/projects/list/ HTTP/1.1" 302 0
[10/Dec/2022 04:55:27] "GET /projects/list/ HTTP/1.1" 200 6955
[10/Dec/2022 04:55:28] "GET /projects/create/ HTTP/1.1" 302 0
[10/Dec/2022 04:55:29] "GET /accounts/login/?next=/projects/create/ HTTP/1.1" 200 5336
python: can't open file 'manage,py': [Errno 2] No such file or directory
Watching for file changes with StatReloader
/usr/local/lib/python3.7/site-packages/django/views/generic/list.py:88: UnorderedObjectListWarning: Pagination may yield inconsistent results with an unordered object_list: <class 'articleapp.models.Article'> QuerySet.
  allow_empty_first_page=allow_empty_first_page, **kwargs)
[10/Dec/2022 23:19:59] "GET /articles/list/ HTTP/1.1" 200 10173
[10/Dec/2022 23:19:59] "GET /media/article/DateTimeField_TmwHG70.png HTTP/1.1" 304 0
[10/Dec/2022 23:20:00] "GET /articles/list/ HTTP/1.1" 200 10173
[11/Dec/2022 01:28:50] "GET /?fbclid=PAAaZswANx3rPA0BG3ym4jz30RF-BlbJVt3Zt1L1hvJAh56Xq9lHUE17Jl5p0 HTTP/1.1" 200 10182
[11/Dec/2022 01:28:50] "GET /static/base.css HTTP/1.1" 200 824
[11/Dec/2022 01:28:50] "GET /static/js/magicgrid.js HTTP/1.1" 200 6882
[11/Dec/2022 01:28:50] "GET /media/article/cattt.jpg HTTP/1.1" 200 57629
[11/Dec/2022 01:28:50] "GET /media/article/DateTimeField_TmwHG70.png HTTP/1.1" 200 1486056
[11/Dec/2022 01:28:51] "GET /static/fonts/NanumSquareR.otf HTTP/1.1" 200 492584
[11/Dec/2022 01:28:51] "GET /media/article/c5.jpg HTTP/1.1" 200 122031
[11/Dec/2022 01:28:51] "GET /media/article/383F9230-3047-4F91-A52A-375CE1A5E3A5.jpeg HTTP/1.1" 200 1915795
[11/Dec/2022 01:28:51] "GET /media/article/first_kdVXOjH.jpeg HTTP/1.1" 200 5397
[11/Dec/2022 01:28:51] "GET /media/article/ccc2.jpg HTTP/1.1" 200 560356
[11/Dec/2022 01:28:51] "GET /media/article/licensed-image.jpg HTTP/1.1" 200 301020
[11/Dec/2022 01:28:51] "GET /media/article/c3.jpeg HTTP/1.1" 200 353578
[11/Dec/2022 01:28:51] "GET /media/article/c4.jpeg HTTP/1.1" 200 5181
[11/Dec/2022 01:28:51] "GET /media/article/catacatat.jpg HTTP/1.1" 200 803476
[11/Dec/2022 01:28:51] "GET /media/article/ccc.jpg HTTP/1.1" 200 638682
[11/Dec/2022 01:28:51] "GET /media/article/cat-toes-paw-number-paws-tiger-tabby.png HTTP/1.1" 200 2148437
[11/Dec/2022 08:09:34] "GET /?fbclid=PAAaZ1SmOq08j2iwCXn694LLI3tQqcdEUlujnEhpau6sMhQ6iqcoXcbGIo5BI HTTP/1.1" 200 10182
[11/Dec/2022 08:09:34] "GET /static/base.css HTTP/1.1" 304 0
[11/Dec/2022 08:09:34] "GET /media/article/DateTimeField_TmwHG70.png HTTP/1.1" 304 0
[11/Dec/2022 08:09:34] "GET /static/js/magicgrid.js HTTP/1.1" 304 0
[11/Dec/2022 08:09:34] "GET /media/article/c3.jpeg HTTP/1.1" 304 0
[11/Dec/2022 08:09:34] "GET /media/article/c5.jpg HTTP/1.1" 304 0
[11/Dec/2022 08:09:34] "GET /media/article/cattt.jpg HTTP/1.1" 304 0
[11/Dec/2022 08:09:34] "GET /media/article/c4.jpeg HTTP/1.1" 304 0
[11/Dec/2022 08:09:34] "GET /media/article/ccc2.jpg HTTP/1.1" 304 0
[11/Dec/2022 08:09:34] "GET /media/article/cat-toes-paw-number-paws-tiger-tabby.png HTTP/1.1" 304 0
[11/Dec/2022 08:09:34] "GET /media/article/ccc.jpg HTTP/1.1" 304 0
[11/Dec/2022 08:09:34] "GET /media/article/catacatat.jpg HTTP/1.1" 304 0
[11/Dec/2022 08:09:34] "GET /media/article/licensed-image.jpg HTTP/1.1" 304 0
[11/Dec/2022 08:09:34] "GET /media/article/383F9230-3047-4F91-A52A-375CE1A5E3A5.jpeg HTTP/1.1" 304 0
[11/Dec/2022 08:09:34] "GET /media/article/first_kdVXOjH.jpeg HTTP/1.1" 304 0
Not Found: /favicon.ico
[11/Dec/2022 08:09:35] "GET /favicon.ico HTTP/1.1" 404 3008
[11/Dec/2022 08:09:40] "GET /articles/detail/16 HTTP/1.1" 200 7305
Internal Server Error: /
Traceback (most recent call last):
  File "/usr/local/lib/python3.7/site-packages/django/template/base.py", line 470, in parse
    compile_func = self.tags[command]
KeyError: 'endif'

During handling of the above exception, another exception occurred:

Traceback (most recent call last):
  File "/usr/local/lib/python3.7/site-packages/django/core/handlers/exception.py", line 47, in inner
    response = get_response(request)
  File "/usr/local/lib/python3.7/site-packages/django/core/handlers/base.py", line 204, in _get_response
    response = response.render()
  File "/usr/local/lib/python3.7/site-packages/django/template/response.py", line 105, in render
    self.content = self.rendered_content
  File "/usr/local/lib/python3.7/site-packages/django/template/response.py", line 81, in rendered_content
    template = self.resolve_template(self.template_name)
  File "/usr/local/lib/python3.7/site-packages/django/template/response.py", line 63, in resolve_template
    return select_template(template, using=self.using)
  File "/usr/local/lib/python3.7/site-packages/django/template/loader.py", line 42, in select_template
    return engine.get_template(template_name)
  File "/usr/local/lib/python3.7/site-packages/django/template/backends/django.py", line 34, in get_template
    return Template(self.engine.get_template(template_name), self)
  File "/usr/local/lib/python3.7/site-packages/django/template/engine.py", line 143, in get_template
    template, origin = self.find_template(template_name)
  File "/usr/local/lib/python3.7/site-packages/django/template/engine.py", line 125, in find_template
    template = loader.get_template(name, skip=skip)
  File "/usr/local/lib/python3.7/site-packages/django/template/loaders/base.py", line 30, in get_template
    contents, origin, origin.template_name, self.engine,
  File "/usr/local/lib/python3.7/site-packages/django/template/base.py", line 155, in __init__
    self.nodelist = self.compile_nodelist()
  File "/usr/local/lib/python3.7/site-packages/django/template/base.py", line 193, in compile_nodelist
    return parser.parse()
  File "/usr/local/lib/python3.7/site-packages/django/template/base.py", line 478, in parse
    raise self.error(token, e)
  File "/usr/local/lib/python3.7/site-packages/django/template/base.py", line 476, in parse
    compiled_result = compile_func(self, token)
  File "/usr/local/lib/python3.7/site-packages/django/template/loader_tags.py", line 278, in do_extends
    nodelist = parser.parse()
  File "/usr/local/lib/python3.7/site-packages/django/template/base.py", line 478, in parse
    raise self.error(token, e)
  File "/usr/local/lib/python3.7/site-packages/django/template/base.py", line 476, in parse
    compiled_result = compile_func(self, token)
  File "/usr/local/lib/python3.7/site-packages/django/template/loader_tags.py", line 216, in do_block
    nodelist = parser.parse(('endblock',))
  File "/usr/local/lib/python3.7/site-packages/django/template/base.py", line 472, in parse
    self.invalid_block_tag(token, command, parse_until)
  File "/usr/local/lib/python3.7/site-packages/django/template/base.py", line 528, in invalid_block_tag
    get_text_list(["'%s'" % p for p in parse_until], 'or'),
django.template.exceptions.TemplateSyntaxError: Invalid block tag on line 154: 'endif', expected 'endblock'. Did you forget to register or load this tag?
[11/Dec/2022 19:35:40] "GET / HTTP/1.1" 500 169031
Not Found: /favicon.ico
[11/Dec/2022 19:35:40] "GET /favicon.ico HTTP/1.1" 404 3008
Internal Server Error: /
Traceback (most recent call last):
  File "/usr/local/lib/python3.7/site-packages/django/template/base.py", line 470, in parse
    compile_func = self.tags[command]
KeyError: 'endif'

During handling of the above exception, another exception occurred:

Traceback (most recent call last):
  File "/usr/local/lib/python3.7/site-packages/django/core/handlers/exception.py", line 47, in inner
    response = get_response(request)
  File "/usr/local/lib/python3.7/site-packages/django/core/handlers/base.py", line 204, in _get_response
    response = response.render()
  File "/usr/local/lib/python3.7/site-packages/django/template/response.py", line 105, in render
    self.content = self.rendered_content
  File "/usr/local/lib/python3.7/site-packages/django/template/response.py", line 81, in rendered_content
    template = self.resolve_template(self.template_name)
  File "/usr/local/lib/python3.7/site-packages/django/template/response.py", line 63, in resolve_template
    return select_template(template, using=self.using)
  File "/usr/local/lib/python3.7/site-packages/django/template/loader.py", line 42, in select_template
    return engine.get_template(template_name)
  File "/usr/local/lib/python3.7/site-packages/django/template/backends/django.py", line 34, in get_template
    return Template(self.engine.get_template(template_name), self)
  File "/usr/local/lib/python3.7/site-packages/django/template/engine.py", line 143, in get_template
    template, origin = self.find_template(template_name)
  File "/usr/local/lib/python3.7/site-packages/django/template/engine.py", line 125, in find_template
    template = loader.get_template(name, skip=skip)
  File "/usr/local/lib/python3.7/site-packages/django/template/loaders/base.py", line 30, in get_template
    contents, origin, origin.template_name, self.engine,
  File "/usr/local/lib/python3.7/site-packages/django/template/base.py", line 155, in __init__
    self.nodelist = self.compile_nodelist()
  File "/usr/local/lib/python3.7/site-packages/django/template/base.py", line 193, in compile_nodelist
    return parser.parse()
  File "/usr/local/lib/python3.7/site-packages/django/template/base.py", line 478, in parse
    raise self.error(token, e)
  File "/usr/local/lib/python3.7/site-packages/django/template/base.py", line 476, in parse
    compiled_result = compile_func(self, token)
  File "/usr/local/lib/python3.7/site-packages/django/template/loader_tags.py", line 278, in do_extends
    nodelist = parser.parse()
  File "/usr/local/lib/python3.7/site-packages/django/template/base.py", line 478, in parse
    raise self.error(token, e)
  File "/usr/local/lib/python3.7/site-packages/django/template/base.py", line 476, in parse
    compiled_result = compile_func(self, token)
  File "/usr/local/lib/python3.7/site-packages/django/template/loader_tags.py", line 216, in do_block
    nodelist = parser.parse(('endblock',))
  File "/usr/local/lib/python3.7/site-packages/django/template/base.py", line 472, in parse
    self.invalid_block_tag(token, command, parse_until)
  File "/usr/local/lib/python3.7/site-packages/django/template/base.py", line 528, in invalid_block_tag
    get_text_list(["'%s'" % p for p in parse_until], 'or'),
django.template.exceptions.TemplateSyntaxError: Invalid block tag on line 154: 'endif', expected 'endblock'. Did you forget to register or load this tag?
[11/Dec/2022 19:35:47] "GET / HTTP/1.1" 500 169046
Internal Server Error: /
Traceback (most recent call last):
  File "/usr/local/lib/python3.7/site-packages/django/template/base.py", line 470, in parse
    compile_func = self.tags[command]
KeyError: 'endif'

During handling of the above exception, another exception occurred:

Traceback (most recent call last):
  File "/usr/local/lib/python3.7/site-packages/django/core/handlers/exception.py", line 47, in inner
    response = get_response(request)
  File "/usr/local/lib/python3.7/site-packages/django/core/handlers/base.py", line 204, in _get_response
    response = response.render()
  File "/usr/local/lib/python3.7/site-packages/django/template/response.py", line 105, in render
    self.content = self.rendered_content
  File "/usr/local/lib/python3.7/site-packages/django/template/response.py", line 81, in rendered_content
    template = self.resolve_template(self.template_name)
  File "/usr/local/lib/python3.7/site-packages/django/template/response.py", line 63, in resolve_template
    return select_template(template, using=self.using)
  File "/usr/local/lib/python3.7/site-packages/django/template/loader.py", line 42, in select_template
    return engine.get_template(template_name)
  File "/usr/local/lib/python3.7/site-packages/django/template/backends/django.py", line 34, in get_template
    return Template(self.engine.get_template(template_name), self)
  File "/usr/local/lib/python3.7/site-packages/django/template/engine.py", line 143, in get_template
    template, origin = self.find_template(template_name)
  File "/usr/local/lib/python3.7/site-packages/django/template/engine.py", line 125, in find_template
    template = loader.get_template(name, skip=skip)
  File "/usr/local/lib/python3.7/site-packages/django/template/loaders/base.py", line 30, in get_template
    contents, origin, origin.template_name, self.engine,
  File "/usr/local/lib/python3.7/site-packages/django/template/base.py", line 155, in __init__
    self.nodelist = self.compile_nodelist()
  File "/usr/local/lib/python3.7/site-packages/django/template/base.py", line 193, in compile_nodelist
    return parser.parse()
  File "/usr/local/lib/python3.7/site-packages/django/template/base.py", line 478, in parse
    raise self.error(token, e)
  File "/usr/local/lib/python3.7/site-packages/django/template/base.py", line 476, in parse
    compiled_result = compile_func(self, token)
  File "/usr/local/lib/python3.7/site-packages/django/template/loader_tags.py", line 278, in do_extends
    nodelist = parser.parse()
  File "/usr/local/lib/python3.7/site-packages/django/template/base.py", line 478, in parse
    raise self.error(token, e)
  File "/usr/local/lib/python3.7/site-packages/django/template/base.py", line 476, in parse
    compiled_result = compile_func(self, token)
  File "/usr/local/lib/python3.7/site-packages/django/template/loader_tags.py", line 216, in do_block
    nodelist = parser.parse(('endblock',))
  File "/usr/local/lib/python3.7/site-packages/django/template/base.py", line 472, in parse
    self.invalid_block_tag(token, command, parse_until)
  File "/usr/local/lib/python3.7/site-packages/django/template/base.py", line 528, in invalid_block_tag
    get_text_list(["'%s'" % p for p in parse_until], 'or'),
django.template.exceptions.TemplateSyntaxError: Invalid block tag on line 154: 'endif', expected 'endblock'. Did you forget to register or load this tag?
[11/Dec/2022 19:35:48] "GET / HTTP/1.1" 500 169046
